#
# There is insufficient memory for the Java Runtime Environment to continue.
# Native memory allocation (malloc) failed to allocate 1025456 bytes for Chunk::new
# Possible reasons:
#   The system is out of physical RAM or swap space
#   In 32 bit mode, the process size limit was hit
# Possible solutions:
#   Reduce memory load on the system
#   Increase physical memory or swap space
#   Check if swap backing store is full
#   Use 64 bit Java on a 64 bit OS
#   Decrease Java heap size (-Xmx/-Xms)
#   Decrease number of Java threads
#   Decrease Java thread stack sizes (-Xss)
#   Set larger code cache with -XX:ReservedCodeCacheSize=
# This output file may be truncated or incomplete.
#
#  Out of Memory Error (allocation.cpp:390), pid=13228, tid=28916
#
# JRE version: Java(TM) SE Runtime Environment (8.0_73-b02) (build 1.8.0_73-b02)
# Java VM: Java HotSpot(TM) 64-Bit Server VM (25.73-b02 mixed mode windows-amd64 compressed oops)
# Failed to write core dump. Minidumps are not enabled by default on client versions of Windows
#

---------------  T H R E A D  ---------------

Current thread (0x0000000014e9c800):  JavaThread "C2 CompilerThread0" daemon [_thread_in_native, id=28916, stack(0x0000000016e10000,0x0000000016f10000)]

Stack: [0x0000000016e10000,0x0000000016f10000]
[error occurred during error reporting (printing stack bounds), id 0xc0000005]

Native frames: (J=compiled Java code, j=interpreted, Vv=VM code, C=native code)


Current CompileTask:
C2:   2899 1128   !   4       com.android.dx.cf.code.RopperMachine::run (1550 bytes)


---------------  P R O C E S S  ---------------

Java Threads: ( => current thread )
  0x0000000016b11800 JavaThread "pool-2-thread-4" [_thread_in_Java, id=27976, stack(0x0000000017710000,0x0000000017810000)]
  0x000000001691a800 JavaThread "pool-3-thread-1" [_thread_blocked, id=20892, stack(0x0000000017410000,0x0000000017510000)]
  0x000000001685f000 JavaThread "Service Thread" daemon [_thread_blocked, id=30636, stack(0x0000000017110000,0x0000000017210000)]
  0x0000000016855800 JavaThread "C1 CompilerThread2" daemon [_thread_blocked, id=27932, stack(0x0000000017010000,0x0000000017110000)]
  0x0000000014e9e800 JavaThread "C2 CompilerThread1" daemon [_thread_in_native, id=18264, stack(0x0000000016f10000,0x0000000017010000)]
=>0x0000000014e9c800 JavaThread "C2 CompilerThread0" daemon [_thread_in_native, id=28916, stack(0x0000000016e10000,0x0000000016f10000)]
  0x0000000014e91800 JavaThread "Attach Listener" daemon [_thread_blocked, id=10340, stack(0x0000000016d10000,0x0000000016e10000)]
  0x0000000014e90800 JavaThread "Signal Dispatcher" daemon [_thread_blocked, id=9288, stack(0x0000000016c10000,0x0000000016d10000)]
  0x0000000002567800 JavaThread "Finalizer" daemon [_thread_blocked, id=12164, stack(0x0000000016710000,0x0000000016810000)]
  0x0000000002561000 JavaThread "Reference Handler" daemon [_thread_blocked, id=5688, stack(0x0000000016610000,0x0000000016710000)]
  0x0000000002470800 JavaThread "main" [_thread_blocked, id=11272, stack(0x0000000001e70000,0x0000000001f70000)]

Other Threads:
  0x0000000014e47800 VMThread [stack: 0x0000000016510000,0x0000000016610000] [id=24852]
  0x0000000016863800 WatcherThread [stack: 0x0000000017210000,0x0000000017310000] [id=13696]

VM state:not at safepoint (normal execution)

VM Mutex/Monitor currently owned by a thread: None

Heap:
 PSYoungGen      total 38400K, used 19294K [0x00000000eab00000, 0x00000000ed580000, 0x0000000100000000)
  eden space 33280K, 42% used [0x00000000eab00000,0x00000000eb8db070,0x00000000ecb80000)
  from space 5120K, 99% used [0x00000000ecb80000,0x00000000ed07c990,0x00000000ed080000)
  to   space 5120K, 0% used [0x00000000ed080000,0x00000000ed080000,0x00000000ed580000)
 ParOldGen       total 87552K, used 2821K [0x00000000c0000000, 0x00000000c5580000, 0x00000000eab00000)
  object space 87552K, 3% used [0x00000000c0000000,0x00000000c02c1450,0x00000000c5580000)
 Metaspace       used 5748K, capacity 6832K, committed 7040K, reserved 1056768K
  class space    used 577K, capacity 616K, committed 640K, reserved 1048576K

Card table byte_map: [0x0000000011930000,0x0000000011b40000] byte_map_base: 0x0000000011330000

Marking Bits: (ParMarkBitMap*) 0x000000005e1d0600
 Begin Bits: [0x00000000122a0000, 0x00000000132a0000)
 End Bits:   [0x00000000132a0000, 0x00000000142a0000)

Polling page: 0x00000000003f0000

CodeCache: size=245760Kb used=4641Kb max_used=4641Kb free=241118Kb
 bounds [0x0000000002570000, 0x0000000002a00000, 0x0000000011570000]
 total_blobs=1403 nmethods=1140 adapters=177
 compilation: enabled

Compilation events (10 events):
Event: 2.882 Thread 0x0000000016855800 1152   !   3       java.lang.ref.Finalizer::runFinalizer (62 bytes)
Event: 2.883 Thread 0x0000000016855800 nmethod 1152 0x00000000029f9cd0 code [0x00000000029f9e80, 0x00000000029fa6f8]
Event: 2.883 Thread 0x0000000016855800 1153       3       java.lang.ref.Finalizer::hasBeenFinalized (14 bytes)
Event: 2.883 Thread 0x0000000016855800 nmethod 1153 0x00000000029e6a10 code [0x00000000029e6b60, 0x00000000029e6d10]
Event: 2.883 Thread 0x0000000016855800 1154   !   3       java.lang.ref.Finalizer::remove (94 bytes)
Event: 2.883 Thread 0x0000000016855800 nmethod 1154 0x00000000029fa990 code [0x00000000029fab00, 0x00000000029fafd0]
Event: 2.883 Thread 0x0000000016855800 1155       3       java.lang.System$2::invokeFinalize (5 bytes)
Event: 2.883 Thread 0x0000000016855800 nmethod 1155 0x00000000029fb110 code [0x00000000029fb280, 0x00000000029fb4a8]
Event: 2.883 Thread 0x0000000016855800 1156       3       java.lang.ref.Reference::clear (6 bytes)
Event: 2.883 Thread 0x0000000016855800 nmethod 1156 0x00000000029fb550 code [0x00000000029fb6a0, 0x00000000029fb810]

GC Heap History (2 events):
Event: 2.555 GC heap before
{Heap before GC invocations=1 (full 0):
 PSYoungGen      total 38400K, used 33280K [0x00000000eab00000, 0x00000000ed580000, 0x0000000100000000)
  eden space 33280K, 100% used [0x00000000eab00000,0x00000000ecb80000,0x00000000ecb80000)
  from space 5120K, 0% used [0x00000000ed080000,0x00000000ed080000,0x00000000ed580000)
  to   space 5120K, 0% used [0x00000000ecb80000,0x00000000ecb80000,0x00000000ed080000)
 ParOldGen       total 87552K, used 0K [0x00000000c0000000, 0x00000000c5580000, 0x00000000eab00000)
  object space 87552K, 0% used [0x00000000c0000000,0x00000000c0000000,0x00000000c5580000)
 Metaspace       used 5740K, capacity 6832K, committed 7040K, reserved 1056768K
  class space    used 577K, capacity 616K, committed 640K, reserved 1048576K
Event: 2.807 GC heap after
Heap after GC invocations=1 (full 0):
 PSYoungGen      total 38400K, used 5106K [0x00000000eab00000, 0x00000000ed580000, 0x0000000100000000)
  eden space 33280K, 0% used [0x00000000eab00000,0x00000000eab00000,0x00000000ecb80000)
  from space 5120K, 99% used [0x00000000ecb80000,0x00000000ed07c990,0x00000000ed080000)
  to   space 5120K, 0% used [0x00000000ed080000,0x00000000ed080000,0x00000000ed580000)
 ParOldGen       total 87552K, used 2821K [0x00000000c0000000, 0x00000000c5580000, 0x00000000eab00000)
  object space 87552K, 3% used [0x00000000c0000000,0x00000000c02c1450,0x00000000c5580000)
 Metaspace       used 5740K, capacity 6832K, committed 7040K, reserved 1056768K
  class space    used 577K, capacity 616K, committed 640K, reserved 1048576K
}

Deoptimization events (3 events):
Event: 1.854 Thread 0x0000000016b11800 Uncommon trap: reason=unstable_if action=reinterpret pc=0x000000000277545c method=java.util.HashMap.getNode(ILjava/lang/Object;)Ljava/util/HashMap$Node; @ 129
Event: 2.227 Thread 0x0000000002470800 Uncommon trap: reason=unloaded action=reinterpret pc=0x00000000027129fc method=com.android.dx.cf.cst.ConstantPoolParser.parse0(ILjava/util/BitSet;)Lcom/android/dx/rop/cst/Constant; @ 220
Event: 2.294 Thread 0x00000000168c6800 Uncommon trap: reason=unstable_if action=reinterpret pc=0x00000000028f1348 method=com.android.dx.rop.code.RegisterSpecSet.put(Lcom/android/dx/rop/code/RegisterSpec;)V @ 77

Internal exceptions (2 events):
Event: 0.612 Thread 0x0000000002470800 Exception <a 'java/lang/NoSuchMethodError': Method sun.misc.Unsafe.defineClass(Ljava/lang/String;[BII)Ljava/lang/Class; name or signature does not match> (0x00000000eab130b8) thrown at [D:\re\puppet\workspace\8-2-build-windows-amd64-cygwin\jdk8u73\6086\hot1VÆÂ×—ã?
Event: 0.612 Thread 0x0000000002470800 Exception <a 'java/lang/NoSuchMethodError': Method sun.misc.Unsafe.prefetchRead(Ljava/lang/Object;J)V name or signature does not match> (0x00000000eab133a0) thrown at [D:\re\puppet\workspace\8-2-build-windows-amd64-cygwin\jdk8u73\6086\hotspot\src\share\vm\

Events (10 events):
Event: 2.294 Thread 0x00000000168c6800 Uncommon trap: trap_request=0xffffff65 fr.pc=0x00000000028f1348
Event: 2.294 Thread 0x00000000168c6800 DEOPT PACKING pc=0x00000000028f1348 sp=0x000000001740e830
Event: 2.294 Thread 0x00000000168c6800 DEOPT UNPACKING pc=0x00000000025b582a sp=0x000000001740e750 mode 2
Event: 2.308 Thread 0x00000000169bc800 Thread exited: 0x00000000169bc800
Event: 2.360 Thread 0x00000000168c6800 Thread exited: 0x00000000168c6800
Event: 2.391 Thread 0x0000000016b11800 DEOPT PACKING pc=0x00000000028f31ba sp=0x000000001780ecf0
Event: 2.391 Thread 0x0000000016b11800 DEOPT UNPACKING pc=0x00000000025b747f sp=0x000000001780ea58 mode 0
Event: 2.533 Executing VM operation: ParallelGCFailedAllocation
Event: 2.808 Executing VM operation: ParallelGCFailedAllocation done
Event: 2.879 Thread 0x00000000169bb800 Thread exited: 0x00000000169bb800


Dynamic libraries:
0x00007ff60a890000 - 0x00007ff60a8c7000 	D:\Java\jdk1.8.0_73\bin\java.exe
0x00007ffca7a10000 - 0x00007ffca7bd2000 	C:\WINDOWS\SYSTEM32\ntdll.dll
0x00007ffca5390000 - 0x00007ffca543d000 	C:\WINDOWS\system32\KERNEL32.DLL
0x00007ffca4d40000 - 0x00007ffca4f1d000 	C:\WINDOWS\system32\KERNELBASE.dll
0x00007ffca71c0000 - 0x00007ffca7266000 	C:\WINDOWS\system32\ADVAPI32.dll
0x00007ffca50e0000 - 0x00007ffca517d000 	C:\WINDOWS\system32\msvcrt.dll
0x00007ffca7270000 - 0x00007ffca72cb000 	C:\WINDOWS\system32\sechost.dll
0x00007ffca5460000 - 0x00007ffca5586000 	C:\WINDOWS\system32\RPCRT4.dll
0x00007ffca78c0000 - 0x00007ffca7a0e000 	C:\WINDOWS\system32\USER32.dll
0x00007ffca5960000 - 0x00007ffca5ae5000 	C:\WINDOWS\system32\GDI32.dll
0x00007ffc985c0000 - 0x00007ffc98834000 	C:\WINDOWS\WinSxS\amd64_microsoft.windows.common-controls_6595b64144ccf1df_6.0.10240.16384_none_f41f7b285750ef43\COMCTL32.dll
0x00007ffca5350000 - 0x00007ffca5386000 	C:\WINDOWS\system32\IMM32.DLL
0x00007ffca7630000 - 0x00007ffca778c000 	C:\WINDOWS\system32\MSCTF.dll
0x000000005e470000 - 0x000000005e542000 	D:\Java\jdk1.8.0_73\jre\bin\msvcr100.dll
0x000000005d9c0000 - 0x000000005e250000 	D:\Java\jdk1.8.0_73\jre\bin\server\jvm.dll
0x00007ffca7380000 - 0x00007ffca7388000 	C:\WINDOWS\system32\PSAPI.DLL
0x00007ffc9c090000 - 0x00007ffc9c099000 	C:\WINDOWS\SYSTEM32\WSOCK32.dll
0x00007ffca7390000 - 0x00007ffca73f9000 	C:\WINDOWS\system32\WS2_32.dll
0x00007ffca5180000 - 0x00007ffca5188000 	C:\WINDOWS\system32\NSI.dll
0x00007ffca2590000 - 0x00007ffca25b3000 	C:\WINDOWS\SYSTEM32\WINMM.dll
0x00007ffca1d90000 - 0x00007ffca1d9a000 	C:\WINDOWS\SYSTEM32\VERSION.dll
0x00007ffca2560000 - 0x00007ffca258c000 	C:\WINDOWS\SYSTEM32\WINMMBASE.dll
0x00007ffca4f20000 - 0x00007ffca4f64000 	C:\WINDOWS\system32\cfgmgr32.dll
0x00007ffca2d10000 - 0x00007ffca2d37000 	C:\WINDOWS\SYSTEM32\DEVOBJ.dll
0x000000005e8e0000 - 0x000000005e8ef000 	D:\Java\jdk1.8.0_73\jre\bin\verify.dll
0x000000005e8b0000 - 0x000000005e8d9000 	D:\Java\jdk1.8.0_73\jre\bin\java.dll
0x000000005e890000 - 0x000000005e8a6000 	D:\Java\jdk1.8.0_73\jre\bin\zip.dll
0x00007ffca5c90000 - 0x00007ffca71b3000 	C:\WINDOWS\system32\SHELL32.dll
0x00007ffca4710000 - 0x00007ffca4d39000 	C:\WINDOWS\system32\windows.storage.dll
0x00007ffca56e0000 - 0x00007ffca595c000 	C:\WINDOWS\system32\combase.dll
0x00007ffca5af0000 - 0x00007ffca5b41000 	C:\WINDOWS\system32\shlwapi.dll
0x00007ffca4440000 - 0x00007ffca444f000 	C:\WINDOWS\system32\kernel.appcore.dll
0x00007ffca4f70000 - 0x00007ffca5023000 	C:\WINDOWS\system32\shcore.dll
0x00007ffca4470000 - 0x00007ffca44ba000 	C:\WINDOWS\system32\powrprof.dll
0x00007ffca4450000 - 0x00007ffca4463000 	C:\WINDOWS\system32\profapi.dll

VM Arguments:
jvm_args: -Djava.awt.headless=true -Xmx1024M -Dfile.encoding=GBK -Duser.country=CN -Duser.language=zh -Duser.variant 
java_command: com.android.dx.command.Main --dex --force-jumbo --num-threads=4 --multi-dex --output C:\Users\C\Desktop\aaa\ZiYouRenApp\ZiYouRenApp\app\build\intermediates\transforms\dex\debug\folders\1000\5\slice_5 C:\Users\C\Desktop\aaa\ZiYouRenApp\ZiYouRenApp\app\build\intermediates\transforms\instantRunSlicer\debug\folders\1\5\slice_5
java_class_path (initial): D:\Java\andriodsdk\build-tools\24.0.0\lib\dx.jar
Launcher Type: SUN_STANDARD

Environment Variables:
JAVA_HOME=D:\Java\jdk1.8.0_73\
CLASSPATH=.;D:\Java\jdk1.8.0_73\\lib;D:\Java\jdk1.8.0_73\\lib\tools.ja
PATH=C:\ProgramData\Oracle\Java\javapath;D:\Java\jdk1.8.0_73\\bin;D:\Java\jdk1.8.0_73\\jre\bin;
USERNAME=C
OS=Windows_NT
PROCESSOR_IDENTIFIER=AMD64 Family 21 Model 2 Stepping 0, AuthenticAMD



---------------  S Y S T E M  ---------------

OS: Windows 10.0 , 64 bit Build 10240 (10.0.10240.16384)

CPU:total 6 (6 cores per cpu, 1 threads per core) family 21 model 2 stepping 0, cmov, cx8, fxsr, mmx, sse, sse2, sse3, ssse3, sse4.1, sse4.2, popcnt, avx, aes, clmul, mmxext, 3dnowpref, lzcnt, sse4a, tsc, tscinvbit, tscinv, bmi1

Memory: 4k page, physical 8284240k(448744k free), swap 11766584k(6696k free)

vm_info: Java HotSpot(TM) 64-Bit Server VM (25.73-b02) for windows-amd64 JRE (1.8.0_73-b02), built on Jan 29 2016 17:38:49 by "java_re" with MS VC++ 10.0 (VS2010)

time: Thu Jul 14 23:25:07 2016
elapsed time: 2 seconds (0d 0h 0m 2s)

