#
# A fatal error has been detected by the Java Runtime Environment:
#
#  Internal Error (0xc06d007e), pid=24548, tid=26280
#
# JRE version:  (8.0_73-b02) (build )
# Java VM: Java HotSpot(TM) 64-Bit Server VM (25.73-b02 mixed mode windows-amd64 compressed oops)
# Problematic frame:
# C  [KERNELBASE.dll+0x2a1c8]
#
# Failed to write core dump. Minidumps are not enabled by default on client versions of Windows
#
# If you would like to submit a bug report, please visit:
#   http://bugreport.java.com/bugreport/crash.jsp
# The crash happened outside the Java Virtual Machine in native code.
# See problematic frame for where to report the bug.
#

---------------  T H R E A D  ---------------

Current thread (0x00000000031b0800):  JavaThread "main" [_thread_in_native, id=26280, stack(0x0000000002fb0000,0x00000000030b0000)]

siginfo: ExceptionCode=0xc06d007e, ExceptionInformation=0x00000000030aed90 

Registers:
RAX=0x006c000000000001, RBX=0x0000000000000000, RCX=0x00007ffc00000000, RDX=0x0000000001116fc8
RSP=0x00000000030aec90, RBP=0x00000000030aede8, RSI=0x000000005e82d87c, RDI=0x0000000000000000
R8 =0x00007ffca7a3aae8, R9 =0x0000000000000000, R10=0x0000000001128de0, R11=0x0000000000000004
R12=0x0000000000000001, R13=0x000000005e835780, R14=0x000000005e835510, R15=0x000000005e82d908
RIP=0x00007ffca4d6a1c8, EFLAGS=0x0000000000000206

Top of Stack: (sp=0x00000000030aec90)
0x00000000030aec90:   0000000000000000 0000000000000000
0x00000000030aeca0:   000000005e82d87c 0000000000000000
0x00000000030aecb0:   00000000c06d007e 0000000000000000
0x00000000030aecc0:   00007ffca4d6a1c8 00007ffc00000001
0x00000000030aecd0:   00000000030aed90 000000005e82d87c
0x00000000030aece0:   000000005e82d908 0000000000000000
0x00000000030aecf0:   0000000000000000 00007ffca4d7ae0f
0x00000000030aed00:   0000000000000000 0000000000000000
0x00000000030aed10:   000000005e82d87c 0000000000000000
0x00000000030aed20:   0000000000000000 0000000000000000
0x00000000030aed30:   000000005e82cb40 00007ffca4d78799
0x00000000030aed40:   0000000000000000 000000005cf24e7e
0x00000000030aed50:   0000662bb1092d6a 000000005cef5695
0x00000000030aed60:   0000000000000000 000000005e828867
0x00000000030aed70:   0000000000000000 000000005e82d87c
0x00000000030aed80:   0000000000000001 000000005cf238a8 

Instructions: (pc=0x00007ffca4d6a1c8)
0x00007ffca4d6a1a8:   49 8b d1 44 0f 47 c0 44 89 44 24 38 49 c1 e0 03
0x00007ffca4d6a1b8:   e8 8f eb 04 00 48 8d 4c 24 20 ff 15 18 05 0a 00
0x00007ffca4d6a1c8:   48 8b 8c 24 c0 00 00 00 48 33 cc e8 68 b4 04 00
0x00007ffca4d6a1d8:   48 81 c4 d8 00 00 00 c3 83 64 24 38 00 eb d6 cc 


Register to memory mapping:

RAX=0x006c000000000001 is an unknown value
RBX=0x0000000000000000 is an unknown value
RCX=0x00007ffc00000000 is an unknown value
RDX=0x0000000001116fc8 is an unknown value
RSP=0x00000000030aec90 is pointing into the stack for thread: 0x00000000031b0800
RBP=0x00000000030aede8 is pointing into the stack for thread: 0x00000000031b0800
RSI=0x000000005e82d87c is an unknown value
RDI=0x0000000000000000 is an unknown value
R8 =0x00007ffca7a3aae8 is an unknown value
R9 =0x0000000000000000 is an unknown value
R10=0x0000000001128de0 is an unknown value
R11=0x0000000000000004 is an unknown value
R12=0x0000000000000001 is an unknown value
R13=0x000000005e835780 is an unknown value
R14=0x000000005e835510 is an unknown value
R15=0x000000005e82d908 is an unknown value


Stack: [0x0000000002fb0000,0x00000000030b0000],  sp=0x00000000030aec90,  free space=1019k
Native frames: (J=compiled Java code, j=interpreted, Vv=VM code, C=native code)
C  [KERNELBASE.dll+0x2a1c8]
C  [java.dll+0x18867]
C  [java.dll+0x18693]
C  [java.dll+0xd26a]
C  [java.dll+0xd9a0]
C  [java.dll+0x66d8]
C  0x00000000032c57f4

Java frames: (J=compiled Java code, j=interpreted, Vv=VM code)
j  java.lang.System.initProperties(Ljava/util/Properties;)Ljava/util/Properties;+0
j  java.lang.System.initializeSystemClass()V+13
v  ~StubRoutines::call_stub

---------------  P R O C E S S  ---------------

Java Threads: ( => current thread )
  0x00000000032a1000 JavaThread "Finalizer" daemon [_thread_blocked, id=13904, stack(0x0000000017450000,0x0000000017550000)]
  0x00000000032a0000 JavaThread "Reference Handler" daemon [_thread_blocked, id=28880, stack(0x0000000017350000,0x0000000017450000)]
=>0x00000000031b0800 JavaThread "main" [_thread_in_native, id=26280, stack(0x0000000002fb0000,0x00000000030b0000)]

Other Threads:
  0x0000000015b87800 VMThread [stack: 0x0000000017250000,0x0000000017350000] [id=30096]

VM state:not at safepoint (normal execution)

VM Mutex/Monitor currently owned by a thread: None

Heap:
 PSYoungGen      total 38400K, used 1331K [0x00000000eab00000, 0x00000000ed580000, 0x0000000100000000)
  eden space 33280K, 4% used [0x00000000eab00000,0x00000000eac4cd80,0x00000000ecb80000)
  from space 5120K, 0% used [0x00000000ed080000,0x00000000ed080000,0x00000000ed580000)
  to   space 5120K, 0% used [0x00000000ecb80000,0x00000000ecb80000,0x00000000ed080000)
 ParOldGen       total 87552K, used 0K [0x00000000c0000000, 0x00000000c5580000, 0x00000000eab00000)
  object space 87552K, 0% used [0x00000000c0000000,0x00000000c0000000,0x00000000c5580000)
 Metaspace       used 961K, capacity 4480K, committed 4480K, reserved 1056768K
  class space    used 99K, capacity 384K, committed 384K, reserved 1048576K

Card table byte_map: [0x0000000012670000,0x0000000012880000] byte_map_base: 0x0000000012070000

Marking Bits: (ParMarkBitMap*) 0x000000005d940600
 Begin Bits: [0x0000000012fe0000, 0x0000000013fe0000)
 End Bits:   [0x0000000013fe0000, 0x0000000014fe0000)

Polling page: 0x0000000002b10000

CodeCache: size=245760Kb used=401Kb max_used=401Kb free=245358Kb
 bounds [0x00000000032b0000, 0x0000000003520000, 0x00000000122b0000]
 total_blobs=98 nmethods=0 adapters=73
 compilation: enabled

Compilation events (0 events):
No events

GC Heap History (0 events):
No events

Deoptimization events (0 events):
No events

Internal exceptions (0 events):
No events

Events (10 events):
Event: 0.862 loading class java/lang/ref/Finalizer$FinalizerThread done
Event: 0.863 Thread 0x00000000032a1000 Thread added: 0x00000000032a1000
Event: 0.863 loading class java/util/Hashtable$Entry
Event: 0.863 loading class java/util/Map$Entry
Event: 0.863 loading class java/util/Map$Entry done
Event: 0.863 loading class java/util/Hashtable$Entry done
Event: 0.863 loading class java/lang/Math
Event: 0.863 loading class java/lang/Math done
Event: 0.930 loading class sun/misc/VM
Event: 0.930 loading class sun/misc/VM done


Dynamic libraries:
0x00007ff7fbbc0000 - 0x00007ff7fbbf7000 	D:\Java\jdk1.8.0_73\bin\java.exe
0x00007ffca7a10000 - 0x00007ffca7bd2000 	C:\WINDOWS\SYSTEM32\ntdll.dll
0x00007ffca5390000 - 0x00007ffca543d000 	C:\WINDOWS\system32\KERNEL32.DLL
0x00007ffca4d40000 - 0x00007ffca4f1d000 	C:\WINDOWS\system32\KERNELBASE.dll
0x00007ffca71c0000 - 0x00007ffca7266000 	C:\WINDOWS\system32\ADVAPI32.dll
0x00007ffca50e0000 - 0x00007ffca517d000 	C:\WINDOWS\system32\msvcrt.dll
0x00007ffca7270000 - 0x00007ffca72cb000 	C:\WINDOWS\system32\sechost.dll
0x00007ffca5460000 - 0x00007ffca5586000 	C:\WINDOWS\system32\RPCRT4.dll
0x00007ffca78c0000 - 0x00007ffca7a0e000 	C:\WINDOWS\system32\USER32.dll
0x00007ffca5960000 - 0x00007ffca5ae5000 	C:\WINDOWS\system32\GDI32.dll
0x00007ffc985c0000 - 0x00007ffc98834000 	C:\WINDOWS\WinSxS\amd64_microsoft.windows.common-controls_6595b64144ccf1df_6.0.10240.16384_none_f41f7b285750ef43\COMCTL32.dll
0x00007ffca5350000 - 0x00007ffca5386000 	C:\WINDOWS\system32\IMM32.DLL
0x00007ffca7630000 - 0x00007ffca778c000 	C:\WINDOWS\system32\MSCTF.dll
0x000000005ced0000 - 0x000000005cfa2000 	D:\Java\jdk1.8.0_73\jre\bin\msvcr100.dll
0x000000005d130000 - 0x000000005d9c0000 	D:\Java\jdk1.8.0_73\jre\bin\server\jvm.dll
0x00007ffca7380000 - 0x00007ffca7388000 	C:\WINDOWS\system32\PSAPI.DLL
0x00007ffc9c090000 - 0x00007ffc9c099000 	C:\WINDOWS\SYSTEM32\WSOCK32.dll
0x00007ffca7390000 - 0x00007ffca73f9000 	C:\WINDOWS\system32\WS2_32.dll
0x00007ffca5180000 - 0x00007ffca5188000 	C:\WINDOWS\system32\NSI.dll
0x00007ffca2590000 - 0x00007ffca25b3000 	C:\WINDOWS\SYSTEM32\WINMM.dll
0x00007ffca1d90000 - 0x00007ffca1d9a000 	C:\WINDOWS\SYSTEM32\VERSION.dll
0x00007ffca2560000 - 0x00007ffca258c000 	C:\WINDOWS\SYSTEM32\WINMMBASE.dll
0x00007ffca4f20000 - 0x00007ffca4f64000 	C:\WINDOWS\system32\cfgmgr32.dll
0x00007ffca2d10000 - 0x00007ffca2d37000 	C:\WINDOWS\SYSTEM32\DEVOBJ.dll
0x000000005e840000 - 0x000000005e84f000 	D:\Java\jdk1.8.0_73\jre\bin\verify.dll
0x000000005e810000 - 0x000000005e839000 	D:\Java\jdk1.8.0_73\jre\bin\java.dll
0x000000005e7f0000 - 0x000000005e806000 	D:\Java\jdk1.8.0_73\jre\bin\zip.dll
0x00007ffc783a0000 - 0x00007ffc7852a000 	C:\WINDOWS\SYSTEM32\dbghelp.dll

VM Arguments:
jvm_args: -Djava.awt.headless=true -Xmx1024M -Dfile.encoding=GBK -Duser.country=CN -Duser.language=zh -Duser.variant 
java_command: com.android.dx.command.Main --dex --force-jumbo --num-threads=4 --output C:\Users\C\Desktop\ZiYouRenApp123\ZiYouRenApp\app\build\intermediates\pre-dexed\debug\com.android.support-support-vector-drawable-23.4.0_8fc89089d1fcf97232a22795b5bb6d12cbea1163.jar C:\Users\C\Desktop\ZiYouRenApp123\ZiYouRenApp\app\build\intermediates\exploded-aar\com.android.support\support-vector-drawable\23.4.0\jars\classes.jar
java_class_path (initial): D:\Java\andriodsdk\build-tools\23.0.3\lib\dx.jar
Launcher Type: SUN_STANDARD

Environment Variables:
JAVA_HOME=D:\Java\jdk1.8.0_73\
CLASSPATH=.;D:\Java\jdk1.8.0_73\\lib;D:\Java\jdk1.8.0_73\\lib\tools.ja
PATH=C:\ProgramData\Oracle\Java\javapath;D:\Java\jdk1.8.0_73\\bin;D:\Java\jdk1.8.0_73\\jre\bin;
USERNAME=C
OS=Windows_NT
PROCESSOR_IDENTIFIER=AMD64 Family 21 Model 2 Stepping 0, AuthenticAMD



---------------  S Y S T E M  ---------------

OS: Windows 10.0 , 64 bit Build 10240 (10.0.10240.16384)

CPU:total 6 (6 cores per cpu, 1 threads per core) family 21 model 2 stepping 0, cmov, cx8, fxsr, mmx, sse, sse2, sse3, ssse3, sse4.1, sse4.2, popcnt, avx, aes, clmul, mmxext, 3dnowpref, lzcnt, sse4a, tsc, tscinvbit, tscinv, bmi1

Memory: 4k page, physical 8284240k(848720k free), swap 13897088k(214244k free)

vm_info: Java HotSpot(TM) 64-Bit Server VM (25.73-b02) for windows-amd64 JRE (1.8.0_73-b02), built on Jan 29 2016 17:38:49 by "java_re" with MS VC++ 10.0 (VS2010)

time: Wed Jul 13 00:29:52 2016
elapsed time: 1 seconds (0d 0h 0m 1s)

