#
# There is insufficient memory for the Java Runtime Environment to continue.
# Native memory allocation (malloc) failed to allocate 524752 bytes for Chunk::new
# Possible reasons:
#   The system is out of physical RAM or swap space
#   In 32 bit mode, the process size limit was hit
# Possible solutions:
#   Reduce memory load on the system
#   Increase physical memory or swap space
#   Check if swap backing store is full
#   Use 64 bit Java on a 64 bit OS
#   Decrease Java heap size (-Xmx/-Xms)
#   Decrease number of Java threads
#   Decrease Java thread stack sizes (-Xss)
#   Set larger code cache with -XX:ReservedCodeCacheSize=
# This output file may be truncated or incomplete.
#
#  Out of Memory Error (allocation.cpp:390), pid=4652, tid=31004
#
# JRE version: Java(TM) SE Runtime Environment (8.0_73-b02) (build 1.8.0_73-b02)
# Java VM: Java HotSpot(TM) 64-Bit Server VM (25.73-b02 mixed mode windows-amd64 compressed oops)
# Failed to write core dump. Minidumps are not enabled by default on client versions of Windows
#

---------------  T H R E A D  ---------------

Current thread (0x0000000017309800):  JavaThread "C2 CompilerThread1" daemon [_thread_in_native, id=31004, stack(0x0000000017970000,0x0000000017a70000)]

Stack: [0x0000000017970000,0x0000000017a70000]
[error occurred during error reporting (printing stack bounds), id 0xc0000005]

Native frames: (J=compiled Java code, j=interpreted, Vv=VM code, C=native code)


Current CompileTask:
C2:   1329  688       4       com.android.dx.ssa.NormalSsaInsn::accept (25 bytes)


---------------  P R O C E S S  ---------------

Java Threads: ( => current thread )
  0x000000001756e000 JavaThread "pool-1-thread-4" [_thread_blocked, id=16864, stack(0x0000000018170000,0x0000000018270000)]
  0x00000000175ab000 JavaThread "pool-1-thread-3" [_thread_in_vm, id=23840, stack(0x0000000018070000,0x0000000018170000)]
  0x00000000175aa000 JavaThread "pool-1-thread-2" [_thread_in_Java, id=30052, stack(0x0000000017f70000,0x0000000018070000)]
  0x00000000175a9000 JavaThread "pool-2-thread-1" [_thread_blocked, id=30968, stack(0x0000000017e70000,0x0000000017f70000)]
  0x00000000175a8800 JavaThread "pool-1-thread-1" [_thread_in_Java, id=9516, stack(0x0000000017d70000,0x0000000017e70000)]
  0x0000000017310800 JavaThread "Service Thread" daemon [_thread_blocked, id=6116, stack(0x0000000017b70000,0x0000000017c70000)]
  0x000000001730b000 JavaThread "C1 CompilerThread2" daemon [_thread_in_native, id=13248, stack(0x0000000017a70000,0x0000000017b70000)]
=>0x0000000017309800 JavaThread "C2 CompilerThread1" daemon [_thread_in_native, id=31004, stack(0x0000000017970000,0x0000000017a70000)]
  0x00000000172b2800 JavaThread "C2 CompilerThread0" daemon [_thread_in_native, id=10744, stack(0x0000000017870000,0x0000000017970000)]
  0x0000000015900000 JavaThread "Attach Listener" daemon [_thread_blocked, id=23332, stack(0x0000000017770000,0x0000000017870000)]
  0x00000000158ea000 JavaThread "Signal Dispatcher" daemon [_thread_blocked, id=21552, stack(0x0000000017670000,0x0000000017770000)]
  0x0000000002fd1000 JavaThread "Finalizer" daemon [_thread_blocked, id=7068, stack(0x0000000017170000,0x0000000017270000)]
  0x0000000002fd0000 JavaThread "Reference Handler" daemon [_thread_blocked, id=30180, stack(0x0000000017070000,0x0000000017170000)]
  0x0000000002ee0800 JavaThread "main" [_thread_in_Java, id=10324, stack(0x00000000028e0000,0x00000000029e0000)]

Other Threads:
  0x00000000158b7800 VMThread [stack: 0x0000000016f70000,0x0000000017070000] [id=20392]
  0x000000001732c800 WatcherThread [stack: 0x0000000017c70000,0x0000000017d70000] [id=34232]

VM state:not at safepoint (normal execution)

VM Mutex/Monitor currently owned by a thread: None

Heap:
 PSYoungGen      total 38400K, used 19312K [0x00000000eab00000, 0x00000000ed580000, 0x0000000100000000)
  eden space 33280K, 58% used [0x00000000eab00000,0x00000000ebddc308,0x00000000ecb80000)
  from space 5120K, 0% used [0x00000000ed080000,0x00000000ed080000,0x00000000ed580000)
  to   space 5120K, 0% used [0x00000000ecb80000,0x00000000ecb80000,0x00000000ed080000)
 ParOldGen       total 87552K, used 0K [0x00000000c0000000, 0x00000000c5580000, 0x00000000eab00000)
  object space 87552K, 0% used [0x00000000c0000000,0x00000000c0000000,0x00000000c5580000)
 Metaspace       used 5798K, capacity 6706K, committed 6784K, reserved 1056768K
  class space    used 597K, capacity 618K, committed 640K, reserved 1048576K

Card table byte_map: [0x00000000123a0000,0x00000000125b0000] byte_map_base: 0x0000000011da0000

Marking Bits: (ParMarkBitMap*) 0x000000005d940600
 Begin Bits: [0x0000000012d10000, 0x0000000013d10000)
 End Bits:   [0x0000000013d10000, 0x0000000014d10000)

Polling page: 0x00000000010e0000

CodeCache: size=245760Kb used=2891Kb max_used=2891Kb free=242868Kb
 bounds [0x0000000002fe0000, 0x00000000032c0000, 0x0000000011fe0000]
 total_blobs=991 nmethods=721 adapters=184
 compilation: enabled

Compilation events (10 events):
Event: 1.305 Thread 0x000000001730b000  707       1       com.android.dx.cf.code.ByteCatchList$Item::getHandlerPc (5 bytes)
Event: 1.305 Thread 0x000000001730b000 nmethod 707 0x0000000003291850 code [0x00000000032919a0, 0x0000000003291ab0]
Event: 1.306 Thread 0x000000001730b000  708       3       com.android.dx.cf.code.ConcreteMethod::getCatches (8 bytes)
Event: 1.306 Thread 0x000000001730b000 nmethod 708 0x0000000003298e10 code [0x0000000003298f60, 0x0000000003299150]
Event: 1.306 Thread 0x000000001730b000  709       3       com.android.dx.cf.code.ByteBlock::<init> (181 bytes)
Event: 1.307 Thread 0x000000001730b000 nmethod 709 0x0000000003299210 code [0x00000000032994e0, 0x000000000329a7e8]
Event: 1.307 Thread 0x000000001730b000  710       3       com.android.dx.cf.code.ByteBlockList::set (7 bytes)
Event: 1.307 Thread 0x000000001730b000 nmethod 710 0x000000000329b110 code [0x000000000329b280, 0x000000000329b408]
Event: 1.307 Thread 0x000000001730b000  711       3       com.android.dx.cf.code.LocalVariableList$Item::matchesPcAndIndex (35 bytes)
Event: 1.308 Thread 0x000000001730b000 nmethod 711 0x000000000329b490 code [0x000000000329b600, 0x000000000329b830]

GC Heap History (0 events):
No events

Deoptimization events (1 events):
Event: 1.138 Thread 0x0000000002ee0800 Uncommon trap: reason=unstable_if action=reinterpret pc=0x000000000321b984 method=java.util.HashMap.getNode(ILjava/lang/Object;)Ljava/util/HashMap$Node; @ 62

Internal exceptions (2 events):
Event: 0.248 Thread 0x0000000002ee0800 Exception <a 'java/lang/NoSuchMethodError': Method sun.misc.Unsafe.defineClass(Ljava/lang/String;[BII)Ljava/lang/Class; name or signature does not match> (0x00000000eab130b8) thrown at [D:\re\puppet\workspace\8-2-build-windows-amd64-cygwin\jdk8u73\6086\hotÚ”†ËΩœ?
Event: 0.248 Thread 0x0000000002ee0800 Exception <a 'java/lang/NoSuchMethodError': Method sun.misc.Unsafe.prefetchRead(Ljava/lang/Object;J)V name or signature does not match> (0x00000000eab133a0) thrown at [D:\re\puppet\workspace\8-2-build-windows-amd64-cygwin\jdk8u73\6086\hotspot\src\share\vm\

Events (10 events):
Event: 1.151 loading class com/android/dx/cf/code/Ropper$ExceptionHandlerSetup
Event: 1.151 loading class com/android/dx/cf/code/Ropper$ExceptionHandlerSetup done
Event: 1.153 loading class java/util/HashMap$Values
Event: 1.153 loading class java/util/HashMap$Values done
Event: 1.153 loading class java/util/HashMap$ValueIterator
Event: 1.153 loading class java/util/HashMap$ValueIterator done
Event: 1.158 loading class com/android/dx/cf/attrib/AttDeprecated
Event: 1.158 loading class com/android/dx/cf/attrib/AttDeprecated done
Event: 1.242 loading class java/util/DualPivotQuicksort
Event: 1.243 loading class java/util/DualPivotQuicksort done


Dynamic libraries:
0x00007ff7fbbc0000 - 0x00007ff7fbbf7000 	D:\Java\jdk1.8.0_73\bin\java.exe
0x00007ffca7a10000 - 0x00007ffca7bd2000 	C:\WINDOWS\SYSTEM32\ntdll.dll
0x00007ffca5390000 - 0x00007ffca543d000 	C:\WINDOWS\system32\KERNEL32.DLL
0x00007ffca4d40000 - 0x00007ffca4f1d000 	C:\WINDOWS\system32\KERNELBASE.dll
0x00007ffca71c0000 - 0x00007ffca7266000 	C:\WINDOWS\system32\ADVAPI32.dll
0x00007ffca50e0000 - 0x00007ffca517d000 	C:\WINDOWS\system32\msvcrt.dll
0x00007ffca7270000 - 0x00007ffca72cb000 	C:\WINDOWS\system32\sechost.dll
0x00007ffca5460000 - 0x00007ffca5586000 	C:\WINDOWS\system32\RPCRT4.dll
0x00007ffca78c0000 - 0x00007ffca7a0e000 	C:\WINDOWS\system32\USER32.dll
0x00007ffca5960000 - 0x00007ffca5ae5000 	C:\WINDOWS\system32\GDI32.dll
0x00007ffc985c0000 - 0x00007ffc98834000 	C:\WINDOWS\WinSxS\amd64_microsoft.windows.common-controls_6595b64144ccf1df_6.0.10240.16384_none_f41f7b285750ef43\COMCTL32.dll
0x00007ffca5350000 - 0x00007ffca5386000 	C:\WINDOWS\system32\IMM32.DLL
0x00007ffca7630000 - 0x00007ffca778c000 	C:\WINDOWS\system32\MSCTF.dll
0x000000005ced0000 - 0x000000005cfa2000 	D:\Java\jdk1.8.0_73\jre\bin\msvcr100.dll
0x000000005d130000 - 0x000000005d9c0000 	D:\Java\jdk1.8.0_73\jre\bin\server\jvm.dll
0x00007ffca7380000 - 0x00007ffca7388000 	C:\WINDOWS\system32\PSAPI.DLL
0x00007ffc9c090000 - 0x00007ffc9c099000 	C:\WINDOWS\SYSTEM32\WSOCK32.dll
0x00007ffca7390000 - 0x00007ffca73f9000 	C:\WINDOWS\system32\WS2_32.dll
0x00007ffca5180000 - 0x00007ffca5188000 	C:\WINDOWS\system32\NSI.dll
0x00007ffca2590000 - 0x00007ffca25b3000 	C:\WINDOWS\SYSTEM32\WINMM.dll
0x00007ffca1d90000 - 0x00007ffca1d9a000 	C:\WINDOWS\SYSTEM32\VERSION.dll
0x00007ffca2560000 - 0x00007ffca258c000 	C:\WINDOWS\SYSTEM32\WINMMBASE.dll
0x00007ffca4f20000 - 0x00007ffca4f64000 	C:\WINDOWS\system32\cfgmgr32.dll
0x00007ffca2d10000 - 0x00007ffca2d37000 	C:\WINDOWS\SYSTEM32\DEVOBJ.dll
0x000000005e840000 - 0x000000005e84f000 	D:\Java\jdk1.8.0_73\jre\bin\verify.dll
0x000000005e810000 - 0x000000005e839000 	D:\Java\jdk1.8.0_73\jre\bin\java.dll
0x000000005e7f0000 - 0x000000005e806000 	D:\Java\jdk1.8.0_73\jre\bin\zip.dll
0x00007ffca5c90000 - 0x00007ffca71b3000 	C:\WINDOWS\system32\SHELL32.dll
0x00007ffca4710000 - 0x00007ffca4d39000 	C:\WINDOWS\system32\windows.storage.dll
0x00007ffca56e0000 - 0x00007ffca595c000 	C:\WINDOWS\system32\combase.dll
0x00007ffca5af0000 - 0x00007ffca5b41000 	C:\WINDOWS\system32\shlwapi.dll
0x00007ffca4440000 - 0x00007ffca444f000 	C:\WINDOWS\system32\kernel.appcore.dll
0x00007ffca4f70000 - 0x00007ffca5023000 	C:\WINDOWS\system32\shcore.dll
0x00007ffca4470000 - 0x00007ffca44ba000 	C:\WINDOWS\system32\powrprof.dll
0x00007ffca4450000 - 0x00007ffca4463000 	C:\WINDOWS\system32\profapi.dll

VM Arguments:
jvm_args: -Djava.awt.headless=true -Xmx1024M -Dfile.encoding=GBK -Duser.country=CN -Duser.language=zh -Duser.variant 
java_command: com.android.dx.command.Main --dex --force-jumbo --num-threads=4 --output C:\Users\C\Desktop\ZiYouRenApp123\ZiYouRenApp\app\build\intermediates\pre-dexed\debug\okhttp-3.3.1_2bc47ffeebd2c95872d690c4911a1675a93b3d34.jar C:\Users\C\.gradle\caches\modules-2\files-2.1\com.squareup.okhttp3\okhttp\3.3.1\19047bdb6a4fc00a44124f64ca98e88fc204e7e3\okhttp-3.3.1.jar
java_class_path (initial): D:\Java\andriodsdk\build-tools\23.0.3\lib\dx.jar
Launcher Type: SUN_STANDARD

Environment Variables:
JAVA_HOME=D:\Java\jdk1.8.0_73\
CLASSPATH=.;D:\Java\jdk1.8.0_73\\lib;D:\Java\jdk1.8.0_73\\lib\tools.ja
PATH=C:\ProgramData\Oracle\Java\javapath;D:\Java\jdk1.8.0_73\\bin;D:\Java\jdk1.8.0_73\\jre\bin;
USERNAME=C
OS=Windows_NT
PROCESSOR_IDENTIFIER=AMD64 Family 21 Model 2 Stepping 0, AuthenticAMD



---------------  S Y S T E M  ---------------

OS: Windows 10.0 , 64 bit Build 10240 (10.0.10240.16384)

CPU:total 6 (6 cores per cpu, 1 threads per core) family 21 model 2 stepping 0, cmov, cx8, fxsr, mmx, sse, sse2, sse3, ssse3, sse4.1, sse4.2, popcnt, avx, aes, clmul, mmxext, 3dnowpref, lzcnt, sse4a, tsc, tscinvbit, tscinv, bmi1

Memory: 4k page, physical 8284240k(820788k free), swap 13897088k(5144k free)

vm_info: Java HotSpot(TM) 64-Bit Server VM (25.73-b02) for windows-amd64 JRE (1.8.0_73-b02), built on Jan 29 2016 17:38:49 by "java_re" with MS VC++ 10.0 (VS2010)

time: Wed Jul 13 00:29:52 2016
elapsed time: 1 seconds (0d 0h 0m 1s)

