#
# There is insufficient memory for the Java Runtime Environment to continue.
# Native memory allocation (malloc) failed to allocate 45280 bytes for Chunk::new
# Possible reasons:
#   The system is out of physical RAM or swap space
#   In 32 bit mode, the process size limit was hit
# Possible solutions:
#   Reduce memory load on the system
#   Increase physical memory or swap space
#   Check if swap backing store is full
#   Use 64 bit Java on a 64 bit OS
#   Decrease Java heap size (-Xmx/-Xms)
#   Decrease number of Java threads
#   Decrease Java thread stack sizes (-Xss)
#   Set larger code cache with -XX:ReservedCodeCacheSize=
# This output file may be truncated or incomplete.
#
#  Out of Memory Error (allocation.cpp:390), pid=32424, tid=23352
#
# JRE version: Java(TM) SE Runtime Environment (8.0_73-b02) (build 1.8.0_73-b02)
# Java VM: Java HotSpot(TM) 64-Bit Server VM (25.73-b02 mixed mode windows-amd64 compressed oops)
# Failed to write core dump. Minidumps are not enabled by default on client versions of Windows
#

---------------  T H R E A D  ---------------

Current thread (0x00000000159fd800):  JavaThread "C2 CompilerThread1" daemon [_thread_in_native, id=23352, stack(0x0000000017a60000,0x0000000017b60000)]

Stack: [0x0000000017a60000,0x0000000017b60000]
[error occurred during error reporting (printing stack bounds), id 0xc0000005]

Native frames: (J=compiled Java code, j=interpreted, Vv=VM code, C=native code)


Current CompileTask:
C2:  11793 2517       4       com.android.dx.dex.code.LocalList::make (102 bytes)


---------------  P R O C E S S  ---------------

Java Threads: ( => current thread )
  0x0000000017410800 JavaThread "Service Thread" daemon [_thread_blocked, id=19252, stack(0x0000000017c60000,0x0000000017d60000)]
  0x00000000159fe800 JavaThread "C1 CompilerThread2" daemon [_thread_blocked, id=6192, stack(0x0000000017b60000,0x0000000017c60000)]
=>0x00000000159fd800 JavaThread "C2 CompilerThread1" daemon [_thread_in_native, id=23352, stack(0x0000000017a60000,0x0000000017b60000)]
  0x00000000159fb800 JavaThread "C2 CompilerThread0" daemon [_thread_in_native, id=16948, stack(0x0000000017960000,0x0000000017a60000)]
  0x00000000159f0800 JavaThread "Attach Listener" daemon [_thread_blocked, id=13888, stack(0x0000000017860000,0x0000000017960000)]
  0x00000000159da000 JavaThread "Signal Dispatcher" daemon [_thread_blocked, id=6856, stack(0x0000000017760000,0x0000000017860000)]
  0x00000000030c1000 JavaThread "Finalizer" daemon [_thread_blocked, id=30844, stack(0x0000000017260000,0x0000000017360000)]
  0x00000000030c0000 JavaThread "Reference Handler" daemon [_thread_blocked, id=31624, stack(0x0000000017160000,0x0000000017260000)]
  0x0000000002fd0800 JavaThread "main" [_thread_in_Java, id=5740, stack(0x0000000002dd0000,0x0000000002ed0000)]

Other Threads:
  0x00000000159a7800 VMThread [stack: 0x0000000017060000,0x0000000017160000] [id=26792]
  0x000000001745f000 WatcherThread [stack: 0x0000000017d60000,0x0000000017e60000] [id=35540]

VM state:not at safepoint (normal execution)

VM Mutex/Monitor currently owned by a thread: None

Heap:
 PSYoungGen      total 216064K, used 157685K [0x00000000eab00000, 0x00000000ff880000, 0x0000000100000000)
  eden space 145920K, 66% used [0x00000000eab00000,0x00000000f098d2a0,0x00000000f3980000)
  from space 70144K, 86% used [0x00000000f3980000,0x00000000f74f02f0,0x00000000f7e00000)
  to   space 77312K, 0% used [0x00000000fad00000,0x00000000fad00000,0x00000000ff880000)
 ParOldGen       total 189952K, used 89348K [0x00000000c0000000, 0x00000000cb980000, 0x00000000eab00000)
  object space 189952K, 47% used [0x00000000c0000000,0x00000000c5741268,0x00000000cb980000)
 Metaspace       used 6369K, capacity 7344K, committed 7552K, reserved 1056768K
  class space    used 601K, capacity 616K, committed 640K, reserved 1048576K

Card table byte_map: [0x0000000012490000,0x00000000126a0000] byte_map_base: 0x0000000011e90000

Marking Bits: (ParMarkBitMap*) 0x000000005d940600
 Begin Bits: [0x0000000012e00000, 0x0000000013e00000)
 End Bits:   [0x0000000013e00000, 0x0000000014e00000)

Polling page: 0x0000000001240000

CodeCache: size=245760Kb used=8636Kb max_used=10049Kb free=237123Kb
 bounds [0x00000000030d0000, 0x0000000003ac0000, 0x00000000120d0000]
 total_blobs=2264 nmethods=2000 adapters=177
 compilation: enabled

Compilation events (10 events):
Event: 11.788 Thread 0x00000000159fe800 2548       3       com.android.dx.dex.code.OutputFinisher::finishProcessingAndGetList (74 bytes)
Event: 11.789 Thread 0x00000000159fe800 nmethod 2548 0x00000000034e7450 code [0x00000000034e7640, 0x00000000034e7b98]
Event: 11.789 Thread 0x00000000159fe800 2549       1       com.android.dx.dex.code.LocalStart::getLocal (5 bytes)
Event: 11.789 Thread 0x00000000159fe800 nmethod 2549 0x00000000034e7190 code [0x00000000034e72e0, 0x00000000034e73f0]
Event: 11.789 Thread 0x00000000159fb800 nmethod 2530 0x0000000003736250 code [0x00000000037363a0, 0x0000000003736738]
Event: 11.789 Thread 0x00000000159fe800 2551       3       com.android.dx.dex.code.form.Form10x::isCompatible (23 bytes)
Event: 11.789 Thread 0x00000000159fb800 2541       4       com.android.dx.dex.code.OutputFinisher::massageInstructions (89 bytes)
Event: 11.790 Thread 0x00000000159fe800 nmethod 2551 0x0000000003735b50 code [0x0000000003735cc0, 0x0000000003736130]
Event: 11.791 Thread 0x00000000159fe800 2552       3       com.android.dx.dex.code.OddSpacer::codeSize (7 bytes)
Event: 11.791 Thread 0x00000000159fe800 nmethod 2552 0x0000000003739390 code [0x0000000003739500, 0x0000000003739828]

GC Heap History (10 events):
Event: 7.581 GC heap before
{Heap before GC invocations=7 (full 1):
 PSYoungGen      total 138240K, used 133120K [0x00000000eab00000, 0x00000000f3700000, 0x0000000100000000)
  eden space 133120K, 100% used [0x00000000eab00000,0x00000000f2d00000,0x00000000f2d00000)
  from space 5120K, 0% used [0x00000000f2d00000,0x00000000f2d00000,0x00000000f3200000)
  to   space 5120K, 0% used [0x00000000f3200000,0x00000000f3200000,0x00000000f3700000)
 ParOldGen       total 125952K, used 51974K [0x00000000c0000000, 0x00000000c7b00000, 0x00000000eab00000)
  object space 125952K, 41% used [0x00000000c0000000,0x00000000c32c1a58,0x00000000c7b00000)
 Metaspace       used 6099K, capacity 7152K, committed 7296K, reserved 1056768K
  class space    used 587K, capacity 616K, committed 640K, reserved 1048576K
Event: 7.612 GC heap after
Heap after GC invocations=7 (full 1):
 PSYoungGen      total 101376K, used 5094K [0x00000000eab00000, 0x00000000fdb80000, 0x0000000100000000)
  eden space 96256K, 0% used [0x00000000eab00000,0x00000000eab00000,0x00000000f0900000)
  from space 5120K, 99% used [0x00000000f3200000,0x00000000f36f99b0,0x00000000f3700000)
  to   space 41984K, 0% used [0x00000000f0900000,0x00000000f0900000,0x00000000f3200000)
 ParOldGen       total 125952K, used 80245K [0x00000000c0000000, 0x00000000c7b00000, 0x00000000eab00000)
  object space 125952K, 63% used [0x00000000c0000000,0x00000000c4e5d710,0x00000000c7b00000)
 Metaspace       used 6099K, capacity 7152K, committed 7296K, reserved 1056768K
  class space    used 587K, capacity 616K, committed 640K, reserved 1048576K
}
Event: 7.805 GC heap before
{Heap before GC invocations=8 (full 1):
 PSYoungGen      total 101376K, used 101350K [0x00000000eab00000, 0x00000000fdb80000, 0x0000000100000000)
  eden space 96256K, 100% used [0x00000000eab00000,0x00000000f0900000,0x00000000f0900000)
  from space 5120K, 99% used [0x00000000f3200000,0x00000000f36f99b0,0x00000000f3700000)
  to   space 41984K, 0% used [0x00000000f0900000,0x00000000f0900000,0x00000000f3200000)
 ParOldGen       total 125952K, used 80245K [0x00000000c0000000, 0x00000000c7b00000, 0x00000000eab00000)
  object space 125952K, 63% used [0x00000000c0000000,0x00000000c4e5d710,0x00000000c7b00000)
 Metaspace       used 6111K, capacity 7152K, committed 7296K, reserved 1056768K
  class space    used 587K, capacity 616K, committed 640K, reserved 1048576K
Event: 7.842 GC heap after
Heap after GC invocations=8 (full 1):
 PSYoungGen      total 138240K, used 41981K [0x00000000eab00000, 0x00000000fb080000, 0x0000000100000000)
  eden space 96256K, 0% used [0x00000000eab00000,0x00000000eab00000,0x00000000f0900000)
  from space 41984K, 99% used [0x00000000f0900000,0x00000000f31ff650,0x00000000f3200000)
  to   space 51712K, 0% used [0x00000000f7e00000,0x00000000f7e00000,0x00000000fb080000)
 ParOldGen       total 125952K, used 86684K [0x00000000c0000000, 0x00000000c7b00000, 0x00000000eab00000)
  object space 125952K, 68% used [0x00000000c0000000,0x00000000c54a71b0,0x00000000c7b00000)
 Metaspace       used 6111K, capacity 7152K, committed 7296K, reserved 1056768K
  class space    used 587K, capacity 616K, committed 640K, reserved 1048576K
}
Event: 8.044 GC heap before
{Heap before GC invocations=9 (full 1):
 PSYoungGen      total 138240K, used 138237K [0x00000000eab00000, 0x00000000fb080000, 0x0000000100000000)
  eden space 96256K, 100% used [0x00000000eab00000,0x00000000f0900000,0x00000000f0900000)
  from space 41984K, 99% used [0x00000000f0900000,0x00000000f31ff650,0x00000000f3200000)
  to   space 51712K, 0% used [0x00000000f7e00000,0x00000000f7e00000,0x00000000fb080000)
 ParOldGen       total 125952K, used 86684K [0x00000000c0000000, 0x00000000c7b00000, 0x00000000eab00000)
  object space 125952K, 68% used [0x00000000c0000000,0x00000000c54a71b0,0x00000000c7b00000)
 Metaspace       used 6131K, capacity 7152K, committed 7296K, reserved 1056768K
  class space    used 589K, capacity 616K, committed 640K, reserved 1048576K
Event: 8.120 GC heap after
Heap after GC invocations=9 (full 1):
 PSYoungGen      total 197632K, used 51697K [0x00000000eab00000, 0x00000000fd680000, 0x0000000100000000)
  eden space 145920K, 0% used [0x00000000eab00000,0x00000000eab00000,0x00000000f3980000)
  from space 51712K, 99% used [0x00000000f7e00000,0x00000000fb07c7c8,0x00000000fb080000)
  to   space 70144K, 0% used [0x00000000f3980000,0x00000000f3980000,0x00000000f7e00000)
 ParOldGen       total 125952K, used 110231K [0x00000000c0000000, 0x00000000c7b00000, 0x00000000eab00000)
  object space 125952K, 87% used [0x00000000c0000000,0x00000000c6ba5c00,0x00000000c7b00000)
 Metaspace       used 6131K, capacity 7152K, committed 7296K, reserved 1056768K
  class space    used 589K, capacity 616K, committed 640K, reserved 1048576K
}
Event: 8.120 GC heap before
{Heap before GC invocations=10 (full 2):
 PSYoungGen      total 197632K, used 51697K [0x00000000eab00000, 0x00000000fd680000, 0x0000000100000000)
  eden space 145920K, 0% used [0x00000000eab00000,0x00000000eab00000,0x00000000f3980000)
  from space 51712K, 99% used [0x00000000f7e00000,0x00000000fb07c7c8,0x00000000fb080000)
  to   space 70144K, 0% used [0x00000000f3980000,0x00000000f3980000,0x00000000f7e00000)
 ParOldGen       total 125952K, used 110231K [0x00000000c0000000, 0x00000000c7b00000, 0x00000000eab00000)
  object space 125952K, 87% used [0x00000000c0000000,0x00000000c6ba5c00,0x00000000c7b00000)
 Metaspace       used 6131K, capacity 7152K, committed 7296K, reserved 1056768K
  class space    used 589K, capacity 616K, committed 640K, reserved 1048576K
Event: 8.594 GC heap after
Heap after GC invocations=10 (full 2):
 PSYoungGen      total 197632K, used 0K [0x00000000eab00000, 0x00000000fd680000, 0x0000000100000000)
  eden space 145920K, 0% used [0x00000000eab00000,0x00000000eab00000,0x00000000f3980000)
  from space 51712K, 0% used [0x00000000f7e00000,0x00000000f7e00000,0x00000000fb080000)
  to   space 70144K, 0% used [0x00000000f3980000,0x00000000f3980000,0x00000000f7e00000)
 ParOldGen       total 189952K, used 89340K [0x00000000c0000000, 0x00000000cb980000, 0x00000000eab00000)
  object space 189952K, 47% used [0x00000000c0000000,0x00000000c573f268,0x00000000cb980000)
 Metaspace       used 6131K, capacity 7152K, committed 7296K, reserved 1056768K
  class space    used 589K, capacity 616K, committed 640K, reserved 1048576K
}
Event: 9.345 GC heap before
{Heap before GC invocations=11 (full 2):
 PSYoungGen      total 197632K, used 145920K [0x00000000eab00000, 0x00000000fd680000, 0x0000000100000000)
  eden space 145920K, 100% used [0x00000000eab00000,0x00000000f3980000,0x00000000f3980000)
  from space 51712K, 0% used [0x00000000f7e00000,0x00000000f7e00000,0x00000000fb080000)
  to   space 70144K, 0% used [0x00000000f3980000,0x00000000f3980000,0x00000000f7e00000)
 ParOldGen       total 189952K, used 89340K [0x00000000c0000000, 0x00000000cb980000, 0x00000000eab00000)
  object space 189952K, 47% used [0x00000000c0000000,0x00000000c573f268,0x00000000cb980000)
 Metaspace       used 6141K, capacity 7152K, committed 7296K, reserved 1056768K
  class space    used 589K, capacity 616K, committed 640K, reserved 1048576K
Event: 9.500 GC heap after
Heap after GC invocations=11 (full 2):
 PSYoungGen      total 216064K, used 60864K [0x00000000eab00000, 0x00000000ff880000, 0x0000000100000000)
  eden space 145920K, 0% used [0x00000000eab00000,0x00000000eab00000,0x00000000f3980000)
  from space 70144K, 86% used [0x00000000f3980000,0x00000000f74f02f0,0x00000000f7e00000)
  to   space 77312K, 0% used [0x00000000fad00000,0x00000000fad00000,0x00000000ff880000)
 ParOldGen       total 189952K, used 89348K [0x00000000c0000000, 0x00000000cb980000, 0x00000000eab00000)
  object space 189952K, 47% used [0x00000000c0000000,0x00000000c5741268,0x00000000cb980000)
 Metaspace       used 6141K, capacity 7152K, committed 7296K, reserved 1056768K
  class space    used 589K, capacity 616K, committed 640K, reserved 1048576K
}

Deoptimization events (10 events):
Event: 10.444 Thread 0x0000000002fd0800 Uncommon trap: reason=bimorphic action=maybe_recompile pc=0x0000000003546b54 method=java.util.HashMap.getNode(ILjava/lang/Object;)Ljava/util/HashMap$Node; @ 126
Event: 10.445 Thread 0x0000000002fd0800 Uncommon trap: reason=bimorphic action=maybe_recompile pc=0x0000000003546b54 method=java.util.HashMap.getNode(ILjava/lang/Object;)Ljava/util/HashMap$Node; @ 126
Event: 10.445 Thread 0x0000000002fd0800 Uncommon trap: reason=bimorphic action=maybe_recompile pc=0x0000000003515ebc method=java.util.HashMap.getNode(ILjava/lang/Object;)Ljava/util/HashMap$Node; @ 126
Event: 10.455 Thread 0x0000000002fd0800 Uncommon trap: reason=class_check action=maybe_recompile pc=0x00000000035903a8 method=java.util.HashMap.putVal(ILjava/lang/Object;Ljava/lang/Object;ZZ)Ljava/lang/Object; @ 203
Event: 10.455 Thread 0x0000000002fd0800 Uncommon trap: reason=class_check action=maybe_recompile pc=0x00000000035903a8 method=java.util.HashMap.putVal(ILjava/lang/Object;Ljava/lang/Object;ZZ)Ljava/lang/Object; @ 203
Event: 10.455 Thread 0x0000000002fd0800 Uncommon trap: reason=class_check action=maybe_recompile pc=0x00000000035903a8 method=java.util.HashMap.putVal(ILjava/lang/Object;Ljava/lang/Object;ZZ)Ljava/lang/Object; @ 203
Event: 10.455 Thread 0x0000000002fd0800 Uncommon trap: reason=class_check action=maybe_recompile pc=0x00000000035903a8 method=java.util.HashMap.putVal(ILjava/lang/Object;Ljava/lang/Object;ZZ)Ljava/lang/Object; @ 203
Event: 10.671 Thread 0x0000000002fd0800 Uncommon trap: reason=unstable_if action=reinterpret pc=0x0000000003aabda4 method=com.android.dx.dex.code.OutputFinisher.addConstants(Ljava/util/HashSet;Lcom/android/dx/rop/code/RegisterSpec;)V @ 57
Event: 11.353 Thread 0x0000000002fd0800 Uncommon trap: reason=unstable_if action=reinterpret pc=0x00000000032298b4 method=com.android.dx.dex.code.OutputFinisher.findOpcodeForInsn(Lcom/android/dx/dex/code/DalvInsn;Lcom/android/dx/dex/code/Dop;)Lcom/android/dx/dex/code/Dop; @ 12
Event: 11.777 Thread 0x0000000002fd0800 Uncommon trap: reason=unstable_if action=reinterpret pc=0x00000000034e9dd8 method=com.android.dx.dex.code.OutputFinisher.align64bits([Lcom/android/dx/dex/code/Dop;)V @ 110

Internal exceptions (2 events):
Event: 0.583 Thread 0x0000000002fd0800 Exception <a 'java/lang/NoSuchMethodError': Method sun.misc.Unsafe.defineClass(Ljava/lang/String;[BII)Ljava/lang/Class; name or signature does not match> (0x00000000eab130b8) thrown at [D:\re\puppet\workspace\8-2-build-windows-amd64-cygwin\jdk8u73\6086\hot+.ÚØò§â?
Event: 0.583 Thread 0x0000000002fd0800 Exception <a 'java/lang/NoSuchMethodError': Method sun.misc.Unsafe.prefetchRead(Ljava/lang/Object;J)V name or signature does not match> (0x00000000eab133a0) thrown at [D:\re\puppet\workspace\8-2-build-windows-amd64-cygwin\jdk8u73\6086\hotspot\src\share\vm\

Events (10 events):
Event: 11.787 Thread 0x0000000002fd0800 DEOPT PACKING pc=0x00000000036c4349 sp=0x0000000002ecefb0
Event: 11.787 Thread 0x0000000002fd0800 DEOPT UNPACKING pc=0x000000000311747f sp=0x0000000002eced08 mode 0
Event: 11.788 Thread 0x0000000002fd0800 DEOPT PACKING pc=0x000000000347beeb sp=0x0000000002ecef20
Event: 11.788 Thread 0x0000000002fd0800 DEOPT UNPACKING pc=0x000000000311747f sp=0x0000000002ececa8 mode 0
Event: 11.790 Thread 0x0000000002fd0800 DEOPT PACKING pc=0x00000000034a35a3 sp=0x0000000002ecef20
Event: 11.790 Thread 0x0000000002fd0800 DEOPT UNPACKING pc=0x000000000311747f sp=0x0000000002ecec70 mode 0
Event: 11.791 Thread 0x0000000002fd0800 DEOPT PACKING pc=0x00000000036c4349 sp=0x0000000002ecefc0
Event: 11.791 Thread 0x0000000002fd0800 DEOPT UNPACKING pc=0x000000000311747f sp=0x0000000002eced10 mode 0
Event: 11.792 Thread 0x0000000002fd0800 DEOPT PACKING pc=0x000000000347beeb sp=0x0000000002ecef30
Event: 11.792 Thread 0x0000000002fd0800 DEOPT UNPACKING pc=0x000000000311747f sp=0x0000000002ececa8 mode 0


Dynamic libraries:
0x00007ff7fbbc0000 - 0x00007ff7fbbf7000 	D:\Java\jdk1.8.0_73\bin\java.exe
0x00007ffca7a10000 - 0x00007ffca7bd2000 	C:\WINDOWS\SYSTEM32\ntdll.dll
0x00007ffca5390000 - 0x00007ffca543d000 	C:\WINDOWS\system32\KERNEL32.DLL
0x00007ffca4d40000 - 0x00007ffca4f1d000 	C:\WINDOWS\system32\KERNELBASE.dll
0x00007ffca71c0000 - 0x00007ffca7266000 	C:\WINDOWS\system32\ADVAPI32.dll
0x00007ffca50e0000 - 0x00007ffca517d000 	C:\WINDOWS\system32\msvcrt.dll
0x00007ffca7270000 - 0x00007ffca72cb000 	C:\WINDOWS\system32\sechost.dll
0x00007ffca5460000 - 0x00007ffca5586000 	C:\WINDOWS\system32\RPCRT4.dll
0x00007ffca78c0000 - 0x00007ffca7a0e000 	C:\WINDOWS\system32\USER32.dll
0x00007ffca5960000 - 0x00007ffca5ae5000 	C:\WINDOWS\system32\GDI32.dll
0x00007ffc985c0000 - 0x00007ffc98834000 	C:\WINDOWS\WinSxS\amd64_microsoft.windows.common-controls_6595b64144ccf1df_6.0.10240.16384_none_f41f7b285750ef43\COMCTL32.dll
0x00007ffca5350000 - 0x00007ffca5386000 	C:\WINDOWS\system32\IMM32.DLL
0x00007ffca7630000 - 0x00007ffca778c000 	C:\WINDOWS\system32\MSCTF.dll
0x000000005ced0000 - 0x000000005cfa2000 	D:\Java\jdk1.8.0_73\jre\bin\msvcr100.dll
0x000000005d130000 - 0x000000005d9c0000 	D:\Java\jdk1.8.0_73\jre\bin\server\jvm.dll
0x00007ffca7380000 - 0x00007ffca7388000 	C:\WINDOWS\system32\PSAPI.DLL
0x00007ffc9c090000 - 0x00007ffc9c099000 	C:\WINDOWS\SYSTEM32\WSOCK32.dll
0x00007ffca7390000 - 0x00007ffca73f9000 	C:\WINDOWS\system32\WS2_32.dll
0x00007ffca5180000 - 0x00007ffca5188000 	C:\WINDOWS\system32\NSI.dll
0x00007ffca2590000 - 0x00007ffca25b3000 	C:\WINDOWS\SYSTEM32\WINMM.dll
0x00007ffca1d90000 - 0x00007ffca1d9a000 	C:\WINDOWS\SYSTEM32\VERSION.dll
0x00007ffca2560000 - 0x00007ffca258c000 	C:\WINDOWS\SYSTEM32\WINMMBASE.dll
0x00007ffca4f20000 - 0x00007ffca4f64000 	C:\WINDOWS\system32\cfgmgr32.dll
0x00007ffca2d10000 - 0x00007ffca2d37000 	C:\WINDOWS\SYSTEM32\DEVOBJ.dll
0x000000005e840000 - 0x000000005e84f000 	D:\Java\jdk1.8.0_73\jre\bin\verify.dll
0x000000005e810000 - 0x000000005e839000 	D:\Java\jdk1.8.0_73\jre\bin\java.dll
0x000000005e7f0000 - 0x000000005e806000 	D:\Java\jdk1.8.0_73\jre\bin\zip.dll
0x00007ffca5c90000 - 0x00007ffca71b3000 	C:\WINDOWS\system32\SHELL32.dll
0x00007ffca4710000 - 0x00007ffca4d39000 	C:\WINDOWS\system32\windows.storage.dll
0x00007ffca56e0000 - 0x00007ffca595c000 	C:\WINDOWS\system32\combase.dll
0x00007ffca5af0000 - 0x00007ffca5b41000 	C:\WINDOWS\system32\shlwapi.dll
0x00007ffca4440000 - 0x00007ffca444f000 	C:\WINDOWS\system32\kernel.appcore.dll
0x00007ffca4f70000 - 0x00007ffca5023000 	C:\WINDOWS\system32\shcore.dll
0x00007ffca4470000 - 0x00007ffca44ba000 	C:\WINDOWS\system32\powrprof.dll
0x00007ffca4450000 - 0x00007ffca4463000 	C:\WINDOWS\system32\profapi.dll

VM Arguments:
jvm_args: -Djava.awt.headless=true -Xmx1024M -Dfile.encoding=GBK -Duser.country=CN -Duser.language=zh -Duser.variant 
java_command: com.android.dx.command.Main --dex --force-jumbo --num-threads=4 --output C:\Users\C\Desktop\ZiYouRenApp123\ZiYouRenApp\app\build\intermediates\pre-dexed\debug\main_1ed4a25ae6163ee67a3a02c2745196b0fea7e552.jar C:\Users\C\Desktop\ZiYouRenApp123\ZiYouRenApp\app\build\intermediates\transforms\instantRun\debug\folders\1\5\main
java_class_path (initial): D:\Java\andriodsdk\build-tools\23.0.3\lib\dx.jar
Launcher Type: SUN_STANDARD

Environment Variables:
JAVA_HOME=D:\Java\jdk1.8.0_73\
CLASSPATH=.;D:\Java\jdk1.8.0_73\\lib;D:\Java\jdk1.8.0_73\\lib\tools.ja
PATH=C:\ProgramData\Oracle\Java\javapath;D:\Java\jdk1.8.0_73\\bin;D:\Java\jdk1.8.0_73\\jre\bin;
USERNAME=C
OS=Windows_NT
PROCESSOR_IDENTIFIER=AMD64 Family 21 Model 2 Stepping 0, AuthenticAMD



---------------  S Y S T E M  ---------------

OS: Windows 10.0 , 64 bit Build 10240 (10.0.10240.16384)

CPU:total 6 (6 cores per cpu, 1 threads per core) family 21 model 2 stepping 0, cmov, cx8, fxsr, mmx, sse, sse2, sse3, ssse3, sse4.1, sse4.2, popcnt, avx, aes, clmul, mmxext, 3dnowpref, lzcnt, sse4a, tsc, tscinvbit, tscinv, bmi1

Memory: 4k page, physical 8284240k(556864k free), swap 13897088k(908k free)

vm_info: Java HotSpot(TM) 64-Bit Server VM (25.73-b02) for windows-amd64 JRE (1.8.0_73-b02), built on Jan 29 2016 17:38:49 by "java_re" with MS VC++ 10.0 (VS2010)

time: Wed Jul 13 00:30:53 2016
elapsed time: 11 seconds (0d 0h 0m 11s)

