#
# There is insufficient memory for the Java Runtime Environment to continue.
# Native memory allocation (malloc) failed to allocate 1030096 bytes for Chunk::new
# Possible reasons:
#   The system is out of physical RAM or swap space
#   In 32 bit mode, the process size limit was hit
# Possible solutions:
#   Reduce memory load on the system
#   Increase physical memory or swap space
#   Check if swap backing store is full
#   Use 64 bit Java on a 64 bit OS
#   Decrease Java heap size (-Xmx/-Xms)
#   Decrease number of Java threads
#   Decrease Java thread stack sizes (-Xss)
#   Set larger code cache with -XX:ReservedCodeCacheSize=
# This output file may be truncated or incomplete.
#
#  Out of Memory Error (allocation.cpp:390), pid=12588, tid=6024
#
# JRE version: Java(TM) SE Runtime Environment (8.0_73-b02) (build 1.8.0_73-b02)
# Java VM: Java HotSpot(TM) 64-Bit Server VM (25.73-b02 mixed mode windows-amd64 compressed oops)
# Failed to write core dump. Minidumps are not enabled by default on client versions of Windows
#

---------------  T H R E A D  ---------------

Current thread (0x0000000015b2b800):  JavaThread "C2 CompilerThread0" daemon [_thread_in_native, id=6024, stack(0x0000000017a80000,0x0000000017b80000)]

Stack: [0x0000000017a80000,0x0000000017b80000]
[error occurred during error reporting (printing stack bounds), id 0xc0000005]

Native frames: (J=compiled Java code, j=interpreted, Vv=VM code, C=native code)


Current CompileTask:
C2:   3804 1789       4       com.android.dx.ssa.LocalVariableExtractor::processBlock (383 bytes)


---------------  P R O C E S S  ---------------

Java Threads: ( => current thread )
  0x0000000018003800 JavaThread "pool-1-thread-4" [_thread_blocked, id=15884, stack(0x0000000018b80000,0x0000000018c80000)]
  0x0000000018000800 JavaThread "pool-1-thread-3" [_thread_blocked, id=4488, stack(0x0000000018a80000,0x0000000018b80000)]
  0x0000000017fff800 JavaThread "pool-1-thread-2" [_thread_blocked, id=29544, stack(0x0000000018980000,0x0000000018a80000)]
  0x0000000017fff000 JavaThread "pool-2-thread-1" [_thread_blocked, id=10596, stack(0x0000000018880000,0x0000000018980000)]
  0x0000000017ffe000 JavaThread "pool-1-thread-1" [_thread_blocked, id=7204, stack(0x0000000018780000,0x0000000018880000)]
  0x0000000017533000 JavaThread "Service Thread" daemon [_thread_blocked, id=14920, stack(0x0000000017d80000,0x0000000017e80000)]
  0x00000000174c5000 JavaThread "C1 CompilerThread2" daemon [_thread_blocked, id=20860, stack(0x0000000017c80000,0x0000000017d80000)]
  0x0000000015b2d000 JavaThread "C2 CompilerThread1" daemon [_thread_in_native, id=10356, stack(0x0000000017b80000,0x0000000017c80000)]
=>0x0000000015b2b800 JavaThread "C2 CompilerThread0" daemon [_thread_in_native, id=6024, stack(0x0000000017a80000,0x0000000017b80000)]
  0x0000000015b20000 JavaThread "Attach Listener" daemon [_thread_blocked, id=14416, stack(0x0000000017980000,0x0000000017a80000)]
  0x0000000015b1f800 JavaThread "Signal Dispatcher" daemon [_thread_blocked, id=6620, stack(0x0000000017880000,0x0000000017980000)]
  0x00000000031f0800 JavaThread "Finalizer" daemon [_thread_blocked, id=19672, stack(0x0000000017380000,0x0000000017480000)]
  0x0000000015adb800 JavaThread "Reference Handler" daemon [_thread_blocked, id=8112, stack(0x0000000017280000,0x0000000017380000)]
  0x0000000003100800 JavaThread "main" [_thread_blocked, id=34724, stack(0x0000000003000000,0x0000000003100000)]

Other Threads:
  0x0000000015ad7800 VMThread [stack: 0x0000000017180000,0x0000000017280000] [id=20872]
  0x000000001757c000 WatcherThread [stack: 0x0000000017e80000,0x0000000017f80000] [id=11844]

VM state:not at safepoint (normal execution)

VM Mutex/Monitor currently owned by a thread: None

Heap:
 PSYoungGen      total 71680K, used 62941K [0x00000000eab00000, 0x00000000f3700000, 0x0000000100000000)
  eden space 66560K, 86% used [0x00000000eab00000,0x00000000ee37b3e8,0x00000000eec00000)
  from space 5120K, 99% used [0x00000000eec00000,0x00000000ef0fc410,0x00000000ef100000)
  to   space 5120K, 0% used [0x00000000f3200000,0x00000000f3200000,0x00000000f3700000)
 ParOldGen       total 87552K, used 15227K [0x00000000c0000000, 0x00000000c5580000, 0x00000000eab00000)
  object space 87552K, 17% used [0x00000000c0000000,0x00000000c0edee28,0x00000000c5580000)
 Metaspace       used 6421K, capacity 7192K, committed 7424K, reserved 1056768K
  class space    used 624K, capacity 656K, committed 768K, reserved 1048576K

Card table byte_map: [0x00000000125c0000,0x00000000127d0000] byte_map_base: 0x0000000011fc0000

Marking Bits: (ParMarkBitMap*) 0x000000005d940600
 Begin Bits: [0x0000000012f30000, 0x0000000013f30000)
 End Bits:   [0x0000000013f30000, 0x0000000014f30000)

Polling page: 0x0000000001360000

CodeCache: size=245760Kb used=7536Kb max_used=7539Kb free=238223Kb
 bounds [0x0000000003200000, 0x0000000003970000, 0x0000000012200000]
 total_blobs=2045 nmethods=1774 adapters=184
 compilation: enabled

Compilation events (10 events):
Event: 3.744 Thread 0x0000000015b2d000 nmethod 1766 0x000000000395d690 code [0x000000000395db80, 0x0000000003961920]
Event: 3.747 Thread 0x0000000015b2d000 1790       4       com.android.dx.ssa.SCCP::simulatePhi (169 bytes)
Event: 3.748 Thread 0x00000000174c5000 1805   !   2       com.android.dx.dex.cf.CfTranslator::processMethods (583 bytes)
Event: 3.752 Thread 0x00000000174c5000 nmethod 1805 0x00000000039680d0 code [0x0000000003968580, 0x0000000003969bc8]
Event: 3.752 Thread 0x00000000174c5000 1807       2       java.util.concurrent.FutureTask::set (36 bytes)
Event: 3.752 Thread 0x00000000174c5000 nmethod 1807 0x0000000003947ad0 code [0x0000000003947c40, 0x0000000003947e28]
Event: 3.763 Thread 0x00000000174c5000 1809       2       java.util.concurrent.locks.AbstractQueuedSynchronizer::compareAndSetTail (13 bytes)
Event: 3.763 Thread 0x00000000174c5000 nmethod 1809 0x0000000003947790 code [0x00000000039478e0, 0x0000000003947a50]
Event: 3.774 Thread 0x00000000174c5000 1811       2       java.util.concurrent.locks.AbstractQueuedSynchronizer::setHead (16 bytes)
Event: 3.774 Thread 0x00000000174c5000 nmethod 1811 0x00000000039473d0 code [0x0000000003947520, 0x00000000039476d0]

GC Heap History (6 events):
Event: 1.461 GC heap before
{Heap before GC invocations=1 (full 0):
 PSYoungGen      total 38400K, used 33280K [0x00000000eab00000, 0x00000000ed580000, 0x0000000100000000)
  eden space 33280K, 100% used [0x00000000eab00000,0x00000000ecb80000,0x00000000ecb80000)
  from space 5120K, 0% used [0x00000000ed080000,0x00000000ed080000,0x00000000ed580000)
  to   space 5120K, 0% used [0x00000000ecb80000,0x00000000ecb80000,0x00000000ed080000)
 ParOldGen       total 87552K, used 0K [0x00000000c0000000, 0x00000000c5580000, 0x00000000eab00000)
  object space 87552K, 0% used [0x00000000c0000000,0x00000000c0000000,0x00000000c5580000)
 Metaspace       used 6033K, capacity 6898K, committed 7040K, reserved 1056768K
  class space    used 603K, capacity 618K, committed 640K, reserved 1048576K
Event: 1.564 GC heap after
Heap after GC invocations=1 (full 0):
 PSYoungGen      total 38400K, used 5115K [0x00000000eab00000, 0x00000000ef600000, 0x0000000100000000)
  eden space 33280K, 0% used [0x00000000eab00000,0x00000000eab00000,0x00000000ecb80000)
  from space 5120K, 99% used [0x00000000ecb80000,0x00000000ed07ef50,0x00000000ed080000)
  to   space 5120K, 0% used [0x00000000ef100000,0x00000000ef100000,0x00000000ef600000)
 ParOldGen       total 87552K, used 829K [0x00000000c0000000, 0x00000000c5580000, 0x00000000eab00000)
  object space 87552K, 0% used [0x00000000c0000000,0x00000000c00cf7e0,0x00000000c5580000)
 Metaspace       used 6033K, capacity 6898K, committed 7040K, reserved 1056768K
  class space    used 603K, capacity 618K, committed 640K, reserved 1048576K
}
Event: 2.258 GC heap before
{Heap before GC invocations=2 (full 0):
 PSYoungGen      total 38400K, used 38395K [0x00000000eab00000, 0x00000000ef600000, 0x0000000100000000)
  eden space 33280K, 100% used [0x00000000eab00000,0x00000000ecb80000,0x00000000ecb80000)
  from space 5120K, 99% used [0x00000000ecb80000,0x00000000ed07ef50,0x00000000ed080000)
  to   space 5120K, 0% used [0x00000000ef100000,0x00000000ef100000,0x00000000ef600000)
 ParOldGen       total 87552K, used 829K [0x00000000c0000000, 0x00000000c5580000, 0x00000000eab00000)
  object space 87552K, 0% used [0x00000000c0000000,0x00000000c00cf7e0,0x00000000c5580000)
 Metaspace       used 6228K, capacity 7090K, committed 7296K, reserved 1056768K
  class space    used 603K, capacity 618K, committed 640K, reserved 1048576K
Event: 2.409 GC heap after
Heap after GC invocations=2 (full 0):
 PSYoungGen      total 71680K, used 5088K [0x00000000eab00000, 0x00000000ef600000, 0x0000000100000000)
  eden space 66560K, 0% used [0x00000000eab00000,0x00000000eab00000,0x00000000eec00000)
  from space 5120K, 99% used [0x00000000ef100000,0x00000000ef5f81e0,0x00000000ef600000)
  to   space 5120K, 0% used [0x00000000eec00000,0x00000000eec00000,0x00000000ef100000)
 ParOldGen       total 87552K, used 5069K [0x00000000c0000000, 0x00000000c5580000, 0x00000000eab00000)
  object space 87552K, 5% used [0x00000000c0000000,0x00000000c04f35e0,0x00000000c5580000)
 Metaspace       used 6228K, capacity 7090K, committed 7296K, reserved 1056768K
  class space    used 603K, capacity 618K, committed 640K, reserved 1048576K
}
Event: 3.007 GC heap before
{Heap before GC invocations=3 (full 0):
 PSYoungGen      total 71680K, used 71648K [0x00000000eab00000, 0x00000000ef600000, 0x0000000100000000)
  eden space 66560K, 100% used [0x00000000eab00000,0x00000000eec00000,0x00000000eec00000)
  from space 5120K, 99% used [0x00000000ef100000,0x00000000ef5f81e0,0x00000000ef600000)
  to   space 5120K, 0% used [0x00000000eec00000,0x00000000eec00000,0x00000000ef100000)
 ParOldGen       total 87552K, used 5069K [0x00000000c0000000, 0x00000000c5580000, 0x00000000eab00000)
  object space 87552K, 5% used [0x00000000c0000000,0x00000000c04f35e0,0x00000000c5580000)
 Metaspace       used 6303K, capacity 7154K, committed 7296K, reserved 1056768K
  class space    used 604K, capacity 618K, committed 640K, reserved 1048576K
Event: 3.138 GC heap after
Heap after GC invocations=3 (full 0):
 PSYoungGen      total 71680K, used 5105K [0x00000000eab00000, 0x00000000f3700000, 0x0000000100000000)
  eden space 66560K, 0% used [0x00000000eab00000,0x00000000eab00000,0x00000000eec00000)
  from space 5120K, 99% used [0x00000000eec00000,0x00000000ef0fc410,0x00000000ef100000)
  to   space 5120K, 0% used [0x00000000f3200000,0x00000000f3200000,0x00000000f3700000)
 ParOldGen       total 87552K, used 15227K [0x00000000c0000000, 0x00000000c5580000, 0x00000000eab00000)
  object space 87552K, 17% used [0x00000000c0000000,0x00000000c0edee28,0x00000000c5580000)
 Metaspace       used 6303K, capacity 7154K, committed 7296K, reserved 1056768K
  class space    used 604K, capacity 618K, committed 640K, reserved 1048576K
}

Deoptimization events (10 events):
Event: 3.494 Thread 0x0000000017ffe000 Uncommon trap: reason=bimorphic action=maybe_recompile pc=0x00000000036acedc method=java.util.HashMap.putVal(ILjava/lang/Object;Ljava/lang/Object;ZZ)Ljava/lang/Object; @ 203
Event: 3.499 Thread 0x0000000017ffe000 Uncommon trap: reason=unstable_if action=reinterpret pc=0x00000000036ac9d0 method=java.util.HashMap.putVal(ILjava/lang/Object;Ljava/lang/Object;ZZ)Ljava/lang/Object; @ 162
Event: 3.507 Thread 0x0000000017ffe000 Uncommon trap: reason=class_check action=maybe_recompile pc=0x00000000038a33b4 method=com.android.dx.rop.code.RegisterSpec.withSimpleType()Lcom/android/dx/rop/code/RegisterSpec; @ 21
Event: 3.508 Thread 0x0000000017ffe000 Uncommon trap: reason=class_check action=maybe_recompile pc=0x00000000038a33b4 method=com.android.dx.rop.code.RegisterSpec.withSimpleType()Lcom/android/dx/rop/code/RegisterSpec; @ 21
Event: 3.524 Thread 0x0000000017ffe000 Uncommon trap: reason=unstable_if action=reinterpret pc=0x00000000036f355c method=java.util.HashMap.getNode(ILjava/lang/Object;)Ljava/util/HashMap$Node; @ 84
Event: 3.525 Thread 0x0000000017ffe000 Uncommon trap: reason=unstable_if action=reinterpret pc=0x0000000003472970 method=java.util.HashMap.getNode(ILjava/lang/Object;)Ljava/util/HashMap$Node; @ 84
Event: 3.526 Thread 0x0000000017ffe000 Uncommon trap: reason=unstable_if action=reinterpret pc=0x0000000003420b8c method=java.util.HashMap.getNode(ILjava/lang/Object;)Ljava/util/HashMap$Node; @ 84
Event: 3.529 Thread 0x0000000017ffe000 Uncommon trap: reason=unstable_if action=reinterpret pc=0x000000000393bf04 method=com.android.dx.ssa.SCCP.simulateStmt(Lcom/android/dx/ssa/SsaInsn;)V @ 59
Event: 3.716 Thread 0x0000000017fff800 Uncommon trap: reason=bimorphic action=maybe_recompile pc=0x0000000003891b44 method=com.android.dx.ssa.LiteralOpUpgrader.tryReplacingWithConstant(Lcom/android/dx/ssa/NormalSsaInsn;)Z @ 62
Event: 3.734 Thread 0x0000000017fff800 Uncommon trap: reason=class_check action=maybe_recompile pc=0x00000000039530c8 method=com.android.dx.cf.code.OneLocalsArray.set(ILcom/android/dx/rop/type/TypeBearer;)V @ 85

Internal exceptions (7 events):
Event: 0.326 Thread 0x0000000003100800 Exception <a 'java/lang/NoSuchMethodError': Method sun.misc.Unsafe.defineClass(Ljava/lang/String;[BII)Ljava/lang/Class; name or signature does not match> (0x00000000eab130b8) thrown at [D:\re\puppet\workspace\8-2-build-windows-amd64-cygwin\jdk8u73\6086\hoti½ÃˆàÔ?
Event: 0.326 Thread 0x0000000003100800 Exception <a 'java/lang/NoSuchMethodError': Method sun.misc.Unsafe.prefetchRead(Ljava/lang/Object;J)V name or signature does not match> (0x00000000eab133a0) thrown at [D:\re\puppet\workspace\8-2-build-windows-amd64-cygwin\jdk8u73\6086\hotspot\src\share\vm\ûýÙ`¤õ?
Event: 1.319 Thread 0x0000000018003800 Implicit null exception at 0x00000000035b08a2 to 0x00000000035b0992
Event: 1.378 Thread 0x0000000017fff800 Implicit null exception at 0x00000000035190d7 to 0x000000000351a5b5
Event: 3.501 Thread 0x0000000017ffe000 Exception <a 'java/lang/ArrayIndexOutOfBoundsException': 18> (0x00000000ecfa52f8) thrown at [D:\re\puppet\workspace\8-2-build-windows-amd64-cygwin\jdk8u73\6086\hotspot\src\share\vm\interpreter\interpreterRuntime.cpp, line 366]
Event: 3.502 Thread 0x0000000017ffe000 Exception <a 'java/lang/ArrayIndexOutOfBoundsException': 145> (0x00000000ecfa6e78) thrown at [D:\re\puppet\workspace\8-2-build-windows-amd64-cygwin\jdk8u73\6086\hotspot\src\share\vm\interpreter\interpreterRuntime.cpp, line 366]
Event: 3.503 Thread 0x0000000017ffe000 Exception <a 'java/lang/ArrayIndexOutOfBoundsException'> (0x00000000ecfa8160) thrown at [D:\re\puppet\workspace\8-2-build-windows-amd64-cygwin\jdk8u73\6086\hotspot\src\share\vm\runtime\sharedRuntime.cpp, line 605]

Events (10 events):
Event: 3.526 Thread 0x0000000017ffe000 DEOPT UNPACKING pc=0x000000000324582a sp=0x000000001887e908 mode 2
Event: 3.529 Thread 0x0000000017ffe000 Uncommon trap: trap_request=0xffffff65 fr.pc=0x000000000393bf04
Event: 3.529 Thread 0x0000000017ffe000 DEOPT PACKING pc=0x000000000393bf04 sp=0x000000001887eae0
Event: 3.529 Thread 0x0000000017ffe000 DEOPT UNPACKING pc=0x000000000324582a sp=0x000000001887eab8 mode 2
Event: 3.716 Thread 0x0000000017fff800 Uncommon trap: trap_request=0xffffffc6 fr.pc=0x0000000003891b44
Event: 3.716 Thread 0x0000000017fff800 DEOPT PACKING pc=0x0000000003891b44 sp=0x0000000018a7e620
Event: 3.716 Thread 0x0000000017fff800 DEOPT UNPACKING pc=0x000000000324582a sp=0x0000000018a7e5c0 mode 2
Event: 3.734 Thread 0x0000000017fff800 Uncommon trap: trap_request=0xffffffde fr.pc=0x00000000039530c8
Event: 3.734 Thread 0x0000000017fff800 DEOPT PACKING pc=0x00000000039530c8 sp=0x0000000018a7de30
Event: 3.734 Thread 0x0000000017fff800 DEOPT UNPACKING pc=0x000000000324582a sp=0x0000000018a7dd48 mode 2


Dynamic libraries:
0x00007ff7fbbc0000 - 0x00007ff7fbbf7000 	D:\Java\jdk1.8.0_73\bin\java.exe
0x00007ffca7a10000 - 0x00007ffca7bd2000 	C:\WINDOWS\SYSTEM32\ntdll.dll
0x00007ffca5390000 - 0x00007ffca543d000 	C:\WINDOWS\system32\KERNEL32.DLL
0x00007ffca4d40000 - 0x00007ffca4f1d000 	C:\WINDOWS\system32\KERNELBASE.dll
0x00007ffca71c0000 - 0x00007ffca7266000 	C:\WINDOWS\system32\ADVAPI32.dll
0x00007ffca50e0000 - 0x00007ffca517d000 	C:\WINDOWS\system32\msvcrt.dll
0x00007ffca7270000 - 0x00007ffca72cb000 	C:\WINDOWS\system32\sechost.dll
0x00007ffca5460000 - 0x00007ffca5586000 	C:\WINDOWS\system32\RPCRT4.dll
0x00007ffca78c0000 - 0x00007ffca7a0e000 	C:\WINDOWS\system32\USER32.dll
0x00007ffca5960000 - 0x00007ffca5ae5000 	C:\WINDOWS\system32\GDI32.dll
0x00007ffc985c0000 - 0x00007ffc98834000 	C:\WINDOWS\WinSxS\amd64_microsoft.windows.common-controls_6595b64144ccf1df_6.0.10240.16384_none_f41f7b285750ef43\COMCTL32.dll
0x00007ffca5350000 - 0x00007ffca5386000 	C:\WINDOWS\system32\IMM32.DLL
0x00007ffca7630000 - 0x00007ffca778c000 	C:\WINDOWS\system32\MSCTF.dll
0x000000005ced0000 - 0x000000005cfa2000 	D:\Java\jdk1.8.0_73\jre\bin\msvcr100.dll
0x000000005d130000 - 0x000000005d9c0000 	D:\Java\jdk1.8.0_73\jre\bin\server\jvm.dll
0x00007ffca7380000 - 0x00007ffca7388000 	C:\WINDOWS\system32\PSAPI.DLL
0x00007ffc9c090000 - 0x00007ffc9c099000 	C:\WINDOWS\SYSTEM32\WSOCK32.dll
0x00007ffca7390000 - 0x00007ffca73f9000 	C:\WINDOWS\system32\WS2_32.dll
0x00007ffca5180000 - 0x00007ffca5188000 	C:\WINDOWS\system32\NSI.dll
0x00007ffca2590000 - 0x00007ffca25b3000 	C:\WINDOWS\SYSTEM32\WINMM.dll
0x00007ffca1d90000 - 0x00007ffca1d9a000 	C:\WINDOWS\SYSTEM32\VERSION.dll
0x00007ffca2560000 - 0x00007ffca258c000 	C:\WINDOWS\SYSTEM32\WINMMBASE.dll
0x00007ffca4f20000 - 0x00007ffca4f64000 	C:\WINDOWS\system32\cfgmgr32.dll
0x00007ffca2d10000 - 0x00007ffca2d37000 	C:\WINDOWS\SYSTEM32\DEVOBJ.dll
0x000000005e840000 - 0x000000005e84f000 	D:\Java\jdk1.8.0_73\jre\bin\verify.dll
0x000000005e810000 - 0x000000005e839000 	D:\Java\jdk1.8.0_73\jre\bin\java.dll
0x000000005e7f0000 - 0x000000005e806000 	D:\Java\jdk1.8.0_73\jre\bin\zip.dll
0x00007ffca5c90000 - 0x00007ffca71b3000 	C:\WINDOWS\system32\SHELL32.dll
0x00007ffca4710000 - 0x00007ffca4d39000 	C:\WINDOWS\system32\windows.storage.dll
0x00007ffca56e0000 - 0x00007ffca595c000 	C:\WINDOWS\system32\combase.dll
0x00007ffca5af0000 - 0x00007ffca5b41000 	C:\WINDOWS\system32\shlwapi.dll
0x00007ffca4440000 - 0x00007ffca444f000 	C:\WINDOWS\system32\kernel.appcore.dll
0x00007ffca4f70000 - 0x00007ffca5023000 	C:\WINDOWS\system32\shcore.dll
0x00007ffca4470000 - 0x00007ffca44ba000 	C:\WINDOWS\system32\powrprof.dll
0x00007ffca4450000 - 0x00007ffca4463000 	C:\WINDOWS\system32\profapi.dll

VM Arguments:
jvm_args: -Djava.awt.headless=true -Xmx1024M -Dfile.encoding=GBK -Duser.country=CN -Duser.language=zh -Duser.variant 
java_command: com.android.dx.command.Main --dex --force-jumbo --num-threads=4 --output C:\Users\C\Desktop\ZiYouRenApp123\ZiYouRenApp\app\build\intermediates\pre-dexed\debug\com.android.support-appcompat-v7-23.4.0_e36006fabc48cb32417447eecc37f8a50c6d60f6.jar C:\Users\C\Desktop\ZiYouRenApp123\ZiYouRenApp\app\build\intermediates\exploded-aar\com.android.support\appcompat-v7\23.4.0\jars\classes.jar
java_class_path (initial): D:\Java\andriodsdk\build-tools\23.0.3\lib\dx.jar
Launcher Type: SUN_STANDARD

Environment Variables:
JAVA_HOME=D:\Java\jdk1.8.0_73\
CLASSPATH=.;D:\Java\jdk1.8.0_73\\lib;D:\Java\jdk1.8.0_73\\lib\tools.ja
PATH=C:\ProgramData\Oracle\Java\javapath;D:\Java\jdk1.8.0_73\\bin;D:\Java\jdk1.8.0_73\\jre\bin;
USERNAME=C
OS=Windows_NT
PROCESSOR_IDENTIFIER=AMD64 Family 21 Model 2 Stepping 0, AuthenticAMD



---------------  S Y S T E M  ---------------

OS: Windows 10.0 , 64 bit Build 10240 (10.0.10240.16384)

CPU:total 6 (6 cores per cpu, 1 threads per core) family 21 model 2 stepping 0, cmov, cx8, fxsr, mmx, sse, sse2, sse3, ssse3, sse4.1, sse4.2, popcnt, avx, aes, clmul, mmxext, 3dnowpref, lzcnt, sse4a, tsc, tscinvbit, tscinv, bmi1

Memory: 4k page, physical 8284240k(525232k free), swap 13897088k(5972k free)

vm_info: Java HotSpot(TM) 64-Bit Server VM (25.73-b02) for windows-amd64 JRE (1.8.0_73-b02), built on Jan 29 2016 17:38:49 by "java_re" with MS VC++ 10.0 (VS2010)

time: Wed Jul 13 00:30:53 2016
elapsed time: 3 seconds (0d 0h 0m 3s)

