#
# There is insufficient memory for the Java Runtime Environment to continue.
# Native memory allocation (malloc) failed to allocate 1586256 bytes for Chunk::new
# Possible reasons:
#   The system is out of physical RAM or swap space
#   In 32 bit mode, the process size limit was hit
# Possible solutions:
#   Reduce memory load on the system
#   Increase physical memory or swap space
#   Check if swap backing store is full
#   Use 64 bit Java on a 64 bit OS
#   Decrease Java heap size (-Xmx/-Xms)
#   Decrease number of Java threads
#   Decrease Java thread stack sizes (-Xss)
#   Set larger code cache with -XX:ReservedCodeCacheSize=
# This output file may be truncated or incomplete.
#
#  Out of Memory Error (allocation.cpp:390), pid=5924, tid=10712
#
# JRE version: Java(TM) SE Runtime Environment (8.0_73-b02) (build 1.8.0_73-b02)
# Java VM: Java HotSpot(TM) 64-Bit Server VM (25.73-b02 mixed mode windows-amd64 compressed oops)
# Failed to write core dump. Minidumps are not enabled by default on client versions of Windows
#

---------------  T H R E A D  ---------------

Current thread (0x00000000159ed800):  JavaThread "C2 CompilerThread1" daemon [_thread_in_native, id=10712, stack(0x0000000017aa0000,0x0000000017ba0000)]

Stack: [0x0000000017aa0000,0x0000000017ba0000]
[error occurred during error reporting (printing stack bounds), id 0xc0000005]

Native frames: (J=compiled Java code, j=interpreted, Vv=VM code, C=native code)


Current CompileTask:
C2:   4872 1916       4       com.android.dx.cf.code.Simulator$SimVisitor::visitConstant (332 bytes)


---------------  P R O C E S S  ---------------

Java Threads: ( => current thread )
  0x0000000017642800 JavaThread "pool-1-thread-4" [_thread_in_vm, id=22060, stack(0x00000000182a0000,0x00000000183a0000)]
  0x0000000017649800 JavaThread "pool-1-thread-3" [_thread_in_Java, id=7384, stack(0x00000000181a0000,0x00000000182a0000)]
  0x000000001763d000 JavaThread "pool-1-thread-2" [_thread_in_Java, id=4976, stack(0x00000000180a0000,0x00000000181a0000)]
  0x0000000017539000 JavaThread "pool-2-thread-1" [_thread_blocked, id=18576, stack(0x0000000017fa0000,0x00000000180a0000)]
  0x0000000017534000 JavaThread "pool-1-thread-1" [_thread_in_Java, id=14756, stack(0x0000000017ea0000,0x0000000017fa0000)]
  0x00000000173ee000 JavaThread "Service Thread" daemon [_thread_blocked, id=34600, stack(0x0000000017ca0000,0x0000000017da0000)]
  0x00000000159ee800 JavaThread "C1 CompilerThread2" daemon [_thread_blocked, id=1348, stack(0x0000000017ba0000,0x0000000017ca0000)]
=>0x00000000159ed800 JavaThread "C2 CompilerThread1" daemon [_thread_in_native, id=10712, stack(0x0000000017aa0000,0x0000000017ba0000)]
  0x00000000159eb800 JavaThread "C2 CompilerThread0" daemon [_thread_in_native, id=25344, stack(0x00000000179a0000,0x0000000017aa0000)]
  0x00000000159e0800 JavaThread "Attach Listener" daemon [_thread_blocked, id=23432, stack(0x00000000178a0000,0x00000000179a0000)]
  0x00000000159ca000 JavaThread "Signal Dispatcher" daemon [_thread_blocked, id=10616, stack(0x00000000177a0000,0x00000000178a0000)]
  0x00000000030b6800 JavaThread "Finalizer" daemon [_thread_blocked, id=5332, stack(0x0000000017240000,0x0000000017340000)]
  0x00000000030b0000 JavaThread "Reference Handler" daemon [_thread_blocked, id=20916, stack(0x0000000017140000,0x0000000017240000)]
  0x0000000002fc0800 JavaThread "main" [_thread_in_vm, id=26772, stack(0x0000000002ec0000,0x0000000002fc0000)]

Other Threads:
  0x0000000015997800 VMThread [stack: 0x0000000017040000,0x0000000017140000] [id=27412]
  0x0000000017492800 WatcherThread [stack: 0x0000000017da0000,0x0000000017ea0000] [id=27900]

VM state:not at safepoint (normal execution)

VM Mutex/Monitor currently owned by a thread: None

Heap:
 PSYoungGen      total 259072K, used 102272K [0x00000000eab00000, 0x0000000100000000, 0x0000000100000000)
  eden space 215552K, 27% used [0x00000000eab00000,0x00000000ee467a48,0x00000000f7d80000)
  from space 43520K, 99% used [0x00000000fd580000,0x00000000ffff8878,0x0000000100000000)
  to   space 52224K, 0% used [0x00000000f9a00000,0x00000000f9a00000,0x00000000fcd00000)
 ParOldGen       total 134144K, used 50385K [0x00000000c0000000, 0x00000000c8300000, 0x00000000eab00000)
  object space 134144K, 37% used [0x00000000c0000000,0x00000000c31344f8,0x00000000c8300000)
 Metaspace       used 6092K, capacity 7152K, committed 7296K, reserved 1056768K
  class space    used 587K, capacity 616K, committed 640K, reserved 1048576K

Card table byte_map: [0x0000000012480000,0x0000000012690000] byte_map_base: 0x0000000011e80000

Marking Bits: (ParMarkBitMap*) 0x000000005d940600
 Begin Bits: [0x0000000012df0000, 0x0000000013df0000)
 End Bits:   [0x0000000013df0000, 0x0000000014df0000)

Polling page: 0x0000000002ab0000

CodeCache: size=245760Kb used=8383Kb max_used=8403Kb free=237376Kb
 bounds [0x00000000030c0000, 0x0000000003900000, 0x00000000120c0000]
 total_blobs=2113 nmethods=1849 adapters=177
 compilation: enabled

Compilation events (10 events):
Event: 4.758 Thread 0x00000000159ed800 nmethod 1217 0x00000000038ebc90 code [0x00000000038ebde0, 0x00000000038ec178]
Event: 4.758 Thread 0x00000000159ed800 1693       4       com.android.dx.rop.code.ThrowingCstInsn::withNewRegisters (25 bytes)
Event: 4.760 Thread 0x00000000159ed800 nmethod 1693 0x00000000038eb650 code [0x00000000038eb7a0, 0x00000000038eb9d8]
Event: 4.760 Thread 0x00000000159ed800 1916       4       com.android.dx.cf.code.Simulator$SimVisitor::visitConstant (332 bytes)
Event: 4.831 Thread 0x00000000159ee800 1921       2       sun.misc.Unsafe::getAndAddInt (27 bytes)
Event: 4.831 Thread 0x00000000159ee800 nmethod 1921 0x00000000038f4610 code [0x00000000038f4760, 0x00000000038f4910]
Event: 4.831 Thread 0x00000000159ee800 1923       2       java.lang.Boolean::valueOf (14 bytes)
Event: 4.831 Thread 0x00000000159ee800 nmethod 1923 0x00000000038eb310 code [0x00000000038eb460, 0x00000000038eb5b0]
Event: 4.834 Thread 0x00000000159eb800 nmethod 1910% 0x00000000038f8b10 code [0x00000000038f8e20, 0x00000000038fb3e0]
Event: 4.834 Thread 0x00000000159eb800 1918       4       com.android.dx.ssa.back.IdenticalBlockCombiner::process (323 bytes)

GC Heap History (10 events):
Event: 2.777 GC heap before
{Heap before GC invocations=3 (full 0):
 PSYoungGen      total 71680K, used 71656K [0x00000000eab00000, 0x00000000ef600000, 0x0000000100000000)
  eden space 66560K, 100% used [0x00000000eab00000,0x00000000eec00000,0x00000000eec00000)
  from space 5120K, 99% used [0x00000000ef100000,0x00000000ef5fa048,0x00000000ef600000)
  to   space 5120K, 0% used [0x00000000eec00000,0x00000000eec00000,0x00000000ef100000)
 ParOldGen       total 87552K, used 16599K [0x00000000c0000000, 0x00000000c5580000, 0x00000000eab00000)
  object space 87552K, 18% used [0x00000000c0000000,0x00000000c1035f38,0x00000000c5580000)
 Metaspace       used 5875K, capacity 6960K, committed 7040K, reserved 1056768K
  class space    used 582K, capacity 616K, committed 640K, reserved 1048576K
Event: 2.830 GC heap after
Heap after GC invocations=3 (full 0):
 PSYoungGen      total 71680K, used 5105K [0x00000000eab00000, 0x00000000f3700000, 0x0000000100000000)
  eden space 66560K, 0% used [0x00000000eab00000,0x00000000eab00000,0x00000000eec00000)
  from space 5120K, 99% used [0x00000000eec00000,0x00000000ef0fc460,0x00000000ef100000)
  to   space 5120K, 0% used [0x00000000f3200000,0x00000000f3200000,0x00000000f3700000)
 ParOldGen       total 87552K, used 40226K [0x00000000c0000000, 0x00000000c5580000, 0x00000000eab00000)
  object space 87552K, 45% used [0x00000000c0000000,0x00000000c2748a68,0x00000000c5580000)
 Metaspace       used 5875K, capacity 6960K, committed 7040K, reserved 1056768K
  class space    used 582K, capacity 616K, committed 640K, reserved 1048576K
}
Event: 3.086 GC heap before
{Heap before GC invocations=4 (full 0):
 PSYoungGen      total 71680K, used 71665K [0x00000000eab00000, 0x00000000f3700000, 0x0000000100000000)
  eden space 66560K, 100% used [0x00000000eab00000,0x00000000eec00000,0x00000000eec00000)
  from space 5120K, 99% used [0x00000000eec00000,0x00000000ef0fc460,0x00000000ef100000)
  to   space 5120K, 0% used [0x00000000f3200000,0x00000000f3200000,0x00000000f3700000)
 ParOldGen       total 87552K, used 40226K [0x00000000c0000000, 0x00000000c5580000, 0x00000000eab00000)
  object space 87552K, 45% used [0x00000000c0000000,0x00000000c2748a68,0x00000000c5580000)
 Metaspace       used 5902K, capacity 6960K, committed 7040K, reserved 1056768K
  class space    used 582K, capacity 616K, committed 640K, reserved 1048576K
Event: 3.119 GC heap after
Heap after GC invocations=4 (full 0):
 PSYoungGen      total 138240K, used 5096K [0x00000000eab00000, 0x00000000f3700000, 0x0000000100000000)
  eden space 133120K, 0% used [0x00000000eab00000,0x00000000eab00000,0x00000000f2d00000)
  from space 5120K, 99% used [0x00000000f3200000,0x00000000f36fa128,0x00000000f3700000)
  to   space 5120K, 0% used [0x00000000f2d00000,0x00000000f2d00000,0x00000000f3200000)
 ParOldGen       total 87552K, used 56960K [0x00000000c0000000, 0x00000000c5580000, 0x00000000eab00000)
  object space 87552K, 65% used [0x00000000c0000000,0x00000000c37a00b8,0x00000000c5580000)
 Metaspace       used 5902K, capacity 6960K, committed 7040K, reserved 1056768K
  class space    used 582K, capacity 616K, committed 640K, reserved 1048576K
}
Event: 3.648 GC heap before
{Heap before GC invocations=5 (full 0):
 PSYoungGen      total 138240K, used 138216K [0x00000000eab00000, 0x00000000f3700000, 0x0000000100000000)
  eden space 133120K, 100% used [0x00000000eab00000,0x00000000f2d00000,0x00000000f2d00000)
  from space 5120K, 99% used [0x00000000f3200000,0x00000000f36fa128,0x00000000f3700000)
  to   space 5120K, 0% used [0x00000000f2d00000,0x00000000f2d00000,0x00000000f3200000)
 ParOldGen       total 87552K, used 56960K [0x00000000c0000000, 0x00000000c5580000, 0x00000000eab00000)
  object space 87552K, 65% used [0x00000000c0000000,0x00000000c37a00b8,0x00000000c5580000)
 Metaspace       used 6071K, capacity 7088K, committed 7296K, reserved 1056768K
  class space    used 587K, capacity 616K, committed 640K, reserved 1048576K
Event: 3.734 GC heap after
Heap after GC invocations=5 (full 0):
 PSYoungGen      total 138240K, used 5088K [0x00000000eab00000, 0x0000000100000000, 0x0000000100000000)
  eden space 133120K, 0% used [0x00000000eab00000,0x00000000eab00000,0x00000000f2d00000)
  from space 5120K, 99% used [0x00000000f2d00000,0x00000000f31f8128,0x00000000f3200000)
  to   space 43520K, 0% used [0x00000000fd580000,0x00000000fd580000,0x0000000100000000)
 ParOldGen       total 91136K, used 90708K [0x00000000c0000000, 0x00000000c5900000, 0x00000000eab00000)
  object space 91136K, 99% used [0x00000000c0000000,0x00000000c5895220,0x00000000c5900000)
 Metaspace       used 6071K, capacity 7088K, committed 7296K, reserved 1056768K
  class space    used 587K, capacity 616K, committed 640K, reserved 1048576K
}
Event: 3.734 GC heap before
{Heap before GC invocations=6 (full 1):
 PSYoungGen      total 138240K, used 5088K [0x00000000eab00000, 0x0000000100000000, 0x0000000100000000)
  eden space 133120K, 0% used [0x00000000eab00000,0x00000000eab00000,0x00000000f2d00000)
  from space 5120K, 99% used [0x00000000f2d00000,0x00000000f31f8128,0x00000000f3200000)
  to   space 43520K, 0% used [0x00000000fd580000,0x00000000fd580000,0x0000000100000000)
 ParOldGen       total 91136K, used 90708K [0x00000000c0000000, 0x00000000c5900000, 0x00000000eab00000)
  object space 91136K, 99% used [0x00000000c0000000,0x00000000c5895220,0x00000000c5900000)
 Metaspace       used 6071K, capacity 7088K, committed 7296K, reserved 1056768K
  class space    used 587K, capacity 616K, committed 640K, reserved 1048576K
Event: 4.006 GC heap after
Heap after GC invocations=6 (full 1):
 PSYoungGen      total 138240K, used 0K [0x00000000eab00000, 0x0000000100000000, 0x0000000100000000)
  eden space 133120K, 0% used [0x00000000eab00000,0x00000000eab00000,0x00000000f2d00000)
  from space 5120K, 0% used [0x00000000f2d00000,0x00000000f2d00000,0x00000000f3200000)
  to   space 43520K, 0% used [0x00000000fd580000,0x00000000fd580000,0x0000000100000000)
 ParOldGen       total 134144K, used 50025K [0x00000000c0000000, 0x00000000c8300000, 0x00000000eab00000)
  object space 134144K, 37% used [0x00000000c0000000,0x00000000c30da4f8,0x00000000c8300000)
 Metaspace       used 6071K, capacity 7088K, committed 7296K, reserved 1056768K
  class space    used 587K, capacity 616K, committed 640K, reserved 1048576K
}
Event: 4.553 GC heap before
{Heap before GC invocations=7 (full 1):
 PSYoungGen      total 138240K, used 133120K [0x00000000eab00000, 0x0000000100000000, 0x0000000100000000)
  eden space 133120K, 100% used [0x00000000eab00000,0x00000000f2d00000,0x00000000f2d00000)
  from space 5120K, 0% used [0x00000000f2d00000,0x00000000f2d00000,0x00000000f3200000)
  to   space 43520K, 0% used [0x00000000fd580000,0x00000000fd580000,0x0000000100000000)
 ParOldGen       total 134144K, used 50025K [0x00000000c0000000, 0x00000000c8300000, 0x00000000eab00000)
  object space 134144K, 37% used [0x00000000c0000000,0x00000000c30da4f8,0x00000000c8300000)
 Metaspace       used 6089K, capacity 7152K, committed 7296K, reserved 1056768K
  class space    used 587K, capacity 616K, committed 640K, reserved 1048576K
Event: 4.626 GC heap after
Heap after GC invocations=7 (full 1):
 PSYoungGen      total 259072K, used 43490K [0x00000000eab00000, 0x0000000100000000, 0x0000000100000000)
  eden space 215552K, 0% used [0x00000000eab00000,0x00000000eab00000,0x00000000f7d80000)
  from space 43520K, 99% used [0x00000000fd580000,0x00000000ffff8878,0x0000000100000000)
  to   space 52224K, 0% used [0x00000000f9a00000,0x00000000f9a00000,0x00000000fcd00000)
 ParOldGen       total 134144K, used 50385K [0x00000000c0000000, 0x00000000c8300000, 0x00000000eab00000)
  object space 134144K, 37% used [0x00000000c0000000,0x00000000c31344f8,0x00000000c8300000)
 Metaspace       used 6089K, capacity 7152K, committed 7296K, reserved 1056768K
  class space    used 587K, capacity 616K, committed 640K, reserved 1048576K
}

Deoptimization events (10 events):
Event: 3.474 Thread 0x0000000017642800 Uncommon trap: reason=uninitialized action=reinterpret pc=0x00000000035659d8 method=com.android.dx.cf.code.BytecodeArray.parseInstruction(ILcom/android/dx/cf/code/BytecodeArray$Visitor;)I @ 1047
Event: 3.503 Thread 0x0000000017642800 Uncommon trap: reason=bimorphic action=maybe_recompile pc=0x00000000037efbf0 method=com.android.dx.ssa.SCCP.simulatePhi(Lcom/android/dx/ssa/PhiInsn;)V @ 124
Event: 3.503 Thread 0x0000000017642800 Uncommon trap: reason=bimorphic action=maybe_recompile pc=0x00000000037efbf0 method=com.android.dx.ssa.SCCP.simulatePhi(Lcom/android/dx/ssa/PhiInsn;)V @ 124
Event: 3.503 Thread 0x0000000017642800 Uncommon trap: reason=bimorphic action=maybe_recompile pc=0x00000000037efbf0 method=com.android.dx.ssa.SCCP.simulatePhi(Lcom/android/dx/ssa/PhiInsn;)V @ 124
Event: 3.503 Thread 0x0000000017642800 Uncommon trap: reason=bimorphic action=maybe_recompile pc=0x00000000037efbf0 method=com.android.dx.ssa.SCCP.simulatePhi(Lcom/android/dx/ssa/PhiInsn;)V @ 124
Event: 3.550 Thread 0x0000000002fc0800 Uncommon trap: reason=unloaded action=reinterpret pc=0x0000000003615d68 method=com.android.dx.cf.cst.ConstantPoolParser.parse0(ILjava/util/BitSet;)Lcom/android/dx/rop/cst/Constant; @ 220
Event: 3.572 Thread 0x000000001763d000 Uncommon trap: reason=bimorphic action=maybe_recompile pc=0x0000000003550894 method=com.android.dx.cf.code.BaseMachine.getLocalTarget(Z)Lcom/android/dx/rop/code/RegisterSpec; @ 70
Event: 3.640 Thread 0x0000000017642800 Uncommon trap: reason=unstable_if action=reinterpret pc=0x00000000036d1ad8 method=com.android.dx.rop.code.RegisterSpec.equals(ILcom/android/dx/rop/type/TypeBearer;Lcom/android/dx/rop/code/LocalItem;)Z @ 42
Event: 4.006 Thread 0x0000000017642800 Uncommon trap: reason=unstable_if action=reinterpret pc=0x000000000353d360 method=com.android.dx.rop.code.RegisterSpec.equals(ILcom/android/dx/rop/type/TypeBearer;Lcom/android/dx/rop/code/LocalItem;)Z @ 42
Event: 4.394 Thread 0x0000000017534000 Uncommon trap: reason=unstable_if action=reinterpret pc=0x00000000038527d8 method=com.android.dx.util.BitIntSet.has(I)Z @ 8

Internal exceptions (2 events):
Event: 0.061 Thread 0x0000000002fc0800 Exception <a 'java/lang/NoSuchMethodError': Method sun.misc.Unsafe.defineClass(Ljava/lang/String;[BII)Ljava/lang/Class; name or signature does not match> (0x00000000eab130b8) thrown at [D:\re\puppet\workspace\8-2-build-windows-amd64-cygwin\jdk8u73\6086\hotORt2¯?
Event: 0.061 Thread 0x0000000002fc0800 Exception <a 'java/lang/NoSuchMethodError': Method sun.misc.Unsafe.prefetchRead(Ljava/lang/Object;J)V name or signature does not match> (0x00000000eab133a0) thrown at [D:\re\puppet\workspace\8-2-build-windows-amd64-cygwin\jdk8u73\6086\hotspot\src\share\vm\

Events (10 events):
Event: 4.683 Thread 0x0000000017649800 DEOPT PACKING pc=0x00000000034497b8 sp=0x000000001829e2c0
Event: 4.683 Thread 0x0000000017649800 DEOPT UNPACKING pc=0x000000000310747f sp=0x000000001829dfe8 mode 0
Event: 4.683 Thread 0x0000000017649800 DEOPT PACKING pc=0x00000000034497b8 sp=0x000000001829e2c0
Event: 4.683 Thread 0x0000000017649800 DEOPT UNPACKING pc=0x000000000310747f sp=0x000000001829dfe8 mode 0
Event: 4.683 Thread 0x0000000017649800 DEOPT PACKING pc=0x00000000034497b8 sp=0x000000001829e2c0
Event: 4.683 Thread 0x0000000017649800 DEOPT UNPACKING pc=0x000000000310747f sp=0x000000001829dfe8 mode 0
Event: 4.783 Thread 0x0000000017649800 DEOPT PACKING pc=0x000000000365a068 sp=0x000000001829e860
Event: 4.783 Thread 0x0000000017649800 DEOPT UNPACKING pc=0x000000000310747f sp=0x000000001829e5c0 mode 0
Event: 4.849 Thread 0x0000000017649800 DEOPT PACKING pc=0x00000000033f45bd sp=0x000000001829e950
Event: 4.849 Thread 0x0000000017649800 DEOPT UNPACKING pc=0x000000000310747f sp=0x000000001829e6f0 mode 0


Dynamic libraries:
0x00007ff7fbbc0000 - 0x00007ff7fbbf7000 	D:\Java\jdk1.8.0_73\bin\java.exe
0x00007ffca7a10000 - 0x00007ffca7bd2000 	C:\WINDOWS\SYSTEM32\ntdll.dll
0x00007ffca5390000 - 0x00007ffca543d000 	C:\WINDOWS\system32\KERNEL32.DLL
0x00007ffca4d40000 - 0x00007ffca4f1d000 	C:\WINDOWS\system32\KERNELBASE.dll
0x00007ffca71c0000 - 0x00007ffca7266000 	C:\WINDOWS\system32\ADVAPI32.dll
0x00007ffca50e0000 - 0x00007ffca517d000 	C:\WINDOWS\system32\msvcrt.dll
0x00007ffca7270000 - 0x00007ffca72cb000 	C:\WINDOWS\system32\sechost.dll
0x00007ffca5460000 - 0x00007ffca5586000 	C:\WINDOWS\system32\RPCRT4.dll
0x00007ffca78c0000 - 0x00007ffca7a0e000 	C:\WINDOWS\system32\USER32.dll
0x00007ffca5960000 - 0x00007ffca5ae5000 	C:\WINDOWS\system32\GDI32.dll
0x00007ffc985c0000 - 0x00007ffc98834000 	C:\WINDOWS\WinSxS\amd64_microsoft.windows.common-controls_6595b64144ccf1df_6.0.10240.16384_none_f41f7b285750ef43\COMCTL32.dll
0x00007ffca5350000 - 0x00007ffca5386000 	C:\WINDOWS\system32\IMM32.DLL
0x00007ffca7630000 - 0x00007ffca778c000 	C:\WINDOWS\system32\MSCTF.dll
0x000000005ced0000 - 0x000000005cfa2000 	D:\Java\jdk1.8.0_73\jre\bin\msvcr100.dll
0x000000005d130000 - 0x000000005d9c0000 	D:\Java\jdk1.8.0_73\jre\bin\server\jvm.dll
0x00007ffca7380000 - 0x00007ffca7388000 	C:\WINDOWS\system32\PSAPI.DLL
0x00007ffc9c090000 - 0x00007ffc9c099000 	C:\WINDOWS\SYSTEM32\WSOCK32.dll
0x00007ffca2590000 - 0x00007ffca25b3000 	C:\WINDOWS\SYSTEM32\WINMM.dll
0x00007ffca7390000 - 0x00007ffca73f9000 	C:\WINDOWS\system32\WS2_32.dll
0x00007ffca5180000 - 0x00007ffca5188000 	C:\WINDOWS\system32\NSI.dll
0x00007ffca1d90000 - 0x00007ffca1d9a000 	C:\WINDOWS\SYSTEM32\VERSION.dll
0x00007ffca2560000 - 0x00007ffca258c000 	C:\WINDOWS\SYSTEM32\WINMMBASE.dll
0x00007ffca4f20000 - 0x00007ffca4f64000 	C:\WINDOWS\system32\cfgmgr32.dll
0x00007ffca2d10000 - 0x00007ffca2d37000 	C:\WINDOWS\SYSTEM32\DEVOBJ.dll
0x000000005e840000 - 0x000000005e84f000 	D:\Java\jdk1.8.0_73\jre\bin\verify.dll
0x000000005e810000 - 0x000000005e839000 	D:\Java\jdk1.8.0_73\jre\bin\java.dll
0x000000005e7f0000 - 0x000000005e806000 	D:\Java\jdk1.8.0_73\jre\bin\zip.dll
0x00007ffca5c90000 - 0x00007ffca71b3000 	C:\WINDOWS\system32\SHELL32.dll
0x00007ffca4710000 - 0x00007ffca4d39000 	C:\WINDOWS\system32\windows.storage.dll
0x00007ffca56e0000 - 0x00007ffca595c000 	C:\WINDOWS\system32\combase.dll
0x00007ffca5af0000 - 0x00007ffca5b41000 	C:\WINDOWS\system32\shlwapi.dll
0x00007ffca4440000 - 0x00007ffca444f000 	C:\WINDOWS\system32\kernel.appcore.dll
0x00007ffca4f70000 - 0x00007ffca5023000 	C:\WINDOWS\system32\shcore.dll
0x00007ffca4470000 - 0x00007ffca44ba000 	C:\WINDOWS\system32\powrprof.dll
0x00007ffca4450000 - 0x00007ffca4463000 	C:\WINDOWS\system32\profapi.dll

VM Arguments:
jvm_args: -Djava.awt.headless=true -Xmx1024M -Dfile.encoding=GBK -Duser.country=CN -Duser.language=zh -Duser.variant 
java_command: com.android.dx.command.Main --dex --force-jumbo --num-threads=4 --output C:\Users\C\Desktop\ZiYouRenApp123\ZiYouRenApp\app\build\intermediates\pre-dexed\debug\main_1ed4a25ae6163ee67a3a02c2745196b0fea7e552.jar C:\Users\C\Desktop\ZiYouRenApp123\ZiYouRenApp\app\build\intermediates\transforms\instantRun\debug\folders\1\5\main
java_class_path (initial): D:\Java\andriodsdk\build-tools\23.0.3\lib\dx.jar
Launcher Type: SUN_STANDARD

Environment Variables:
JAVA_HOME=D:\Java\jdk1.8.0_73\
CLASSPATH=.;D:\Java\jdk1.8.0_73\\lib;D:\Java\jdk1.8.0_73\\lib\tools.ja
PATH=C:\ProgramData\Oracle\Java\javapath;D:\Java\jdk1.8.0_73\\bin;D:\Java\jdk1.8.0_73\\jre\bin;
USERNAME=C
OS=Windows_NT
PROCESSOR_IDENTIFIER=AMD64 Family 21 Model 2 Stepping 0, AuthenticAMD



---------------  S Y S T E M  ---------------

OS: Windows 10.0 , 64 bit Build 10240 (10.0.10240.16384)

CPU:total 6 (6 cores per cpu, 1 threads per core) family 21 model 2 stepping 0, cmov, cx8, fxsr, mmx, sse, sse2, sse3, ssse3, sse4.1, sse4.2, popcnt, avx, aes, clmul, mmxext, 3dnowpref, lzcnt, sse4a, tsc, tscinvbit, tscinv, bmi1

Memory: 4k page, physical 8284240k(820788k free), swap 13897088k(5144k free)

vm_info: Java HotSpot(TM) 64-Bit Server VM (25.73-b02) for windows-amd64 JRE (1.8.0_73-b02), built on Jan 29 2016 17:38:49 by "java_re" with MS VC++ 10.0 (VS2010)

time: Wed Jul 13 00:29:52 2016
elapsed time: 4 seconds (0d 0h 0m 4s)

