#
# There is insufficient memory for the Java Runtime Environment to continue.
# Native memory allocation (malloc) failed to allocate 309920 bytes for Chunk::new
# Possible reasons:
#   The system is out of physical RAM or swap space
#   In 32 bit mode, the process size limit was hit
# Possible solutions:
#   Reduce memory load on the system
#   Increase physical memory or swap space
#   Check if swap backing store is full
#   Use 64 bit Java on a 64 bit OS
#   Decrease Java heap size (-Xmx/-Xms)
#   Decrease number of Java threads
#   Decrease Java thread stack sizes (-Xss)
#   Set larger code cache with -XX:ReservedCodeCacheSize=
# This output file may be truncated or incomplete.
#
#  Out of Memory Error (allocation.cpp:390), pid=9748, tid=23092
#
# JRE version: Java(TM) SE Runtime Environment (8.0_73-b02) (build 1.8.0_73-b02)
# Java VM: Java HotSpot(TM) 64-Bit Server VM (25.73-b02 mixed mode windows-amd64 compressed oops)
# Failed to write core dump. Minidumps are not enabled by default on client versions of Windows
#

---------------  T H R E A D  ---------------

Current thread (0x00000000154fc800):  JavaThread "C2 CompilerThread0" daemon [_thread_in_native, id=23092, stack(0x0000000017580000,0x0000000017680000)]

Stack: [0x0000000017580000,0x0000000017680000]
[error occurred during error reporting (printing stack bounds), id 0xc0000005]

Native frames: (J=compiled Java code, j=interpreted, Vv=VM code, C=native code)


Current CompileTask:
C2:   1676 1301       4       com.android.dx.dex.code.OutputFinisher::addConstants (93 bytes)


---------------  P R O C E S S  ---------------

Java Threads: ( => current thread )
  0x000000001703a000 JavaThread "Service Thread" daemon [_thread_blocked, id=32172, stack(0x0000000017880000,0x0000000017980000)]
  0x0000000016fc5800 JavaThread "C1 CompilerThread2" daemon [_thread_in_vm, id=7360, stack(0x0000000017780000,0x0000000017880000)]
  0x00000000154fe800 JavaThread "C2 CompilerThread1" daemon [_thread_in_native, id=23380, stack(0x0000000017680000,0x0000000017780000)]
=>0x00000000154fc800 JavaThread "C2 CompilerThread0" daemon [_thread_in_native, id=23092, stack(0x0000000017580000,0x0000000017680000)]
  0x0000000016fc2800 JavaThread "Attach Listener" daemon [_thread_blocked, id=27420, stack(0x0000000017480000,0x0000000017580000)]
  0x00000000154f0800 JavaThread "Signal Dispatcher" daemon [_thread_blocked, id=5456, stack(0x0000000017380000,0x0000000017480000)]
  0x0000000002bc6800 JavaThread "Finalizer" daemon [_thread_blocked, id=16852, stack(0x0000000016d70000,0x0000000016e70000)]
  0x0000000002bc0000 JavaThread "Reference Handler" daemon [_thread_blocked, id=22612, stack(0x0000000016c70000,0x0000000016d70000)]
  0x0000000002ad0800 JavaThread "main" [_thread_in_Java, id=25744, stack(0x00000000029d0000,0x0000000002ad0000)]

Other Threads:
  0x00000000154a8000 VMThread [stack: 0x0000000016b70000,0x0000000016c70000] [id=12096]
  0x0000000017070800 WatcherThread [stack: 0x0000000017980000,0x0000000017a80000] [id=8216]

VM state:not at safepoint (normal execution)

VM Mutex/Monitor currently owned by a thread:  ([mutex/lock_event])
[0x00000000029cb3e0] CodeCache_lock - owner thread: 0x0000000000000000

Heap:
 PSYoungGen      total 38400K, used 12740K [0x00000000eab00000, 0x00000000ef600000, 0x0000000100000000)
  eden space 33280K, 22% used [0x00000000eab00000,0x00000000eb271ad0,0x00000000ecb80000)
  from space 5120K, 99% used [0x00000000ecb80000,0x00000000ed07f7b8,0x00000000ed080000)
  to   space 5120K, 0% used [0x00000000ef100000,0x00000000ef100000,0x00000000ef600000)
 ParOldGen       total 87552K, used 1545K [0x00000000c0000000, 0x00000000c5580000, 0x00000000eab00000)
  object space 87552K, 1% used [0x00000000c0000000,0x00000000c01824f8,0x00000000c5580000)
 Metaspace       used 6297K, capacity 7192K, committed 7424K, reserved 1056768K
  class space    used 623K, capacity 656K, committed 768K, reserved 1048576K

Card table byte_map: [0x0000000011f90000,0x00000000121a0000] byte_map_base: 0x0000000011990000

Marking Bits: (ParMarkBitMap*) 0x000000005d940600
 Begin Bits: [0x0000000012900000, 0x0000000013900000)
 End Bits:   [0x0000000013900000, 0x0000000014900000)

Polling page: 0x0000000000da0000

CodeCache: size=245760Kb used=5485Kb max_used=5495Kb free=240274Kb
 bounds [0x0000000002bd0000, 0x0000000003140000, 0x0000000011bd0000]
 total_blobs=1692 nmethods=1422 adapters=184
 compilation: enabled

Compilation events (10 events):
Event: 1.672 Thread 0x0000000016fc5800 nmethod 1420 0x0000000003125190 code [0x0000000003125320, 0x0000000003125708]
Event: 1.672 Thread 0x0000000016fc5800 1421       3       com.android.dx.rop.code.RegisterSpecSet::findMatchingLocal (49 bytes)
Event: 1.673 Thread 0x0000000016fc5800 nmethod 1421 0x0000000003124a90 code [0x0000000003124c20, 0x0000000003124fe8]
Event: 1.673 Thread 0x0000000016fc5800 1422       3       com.android.dx.dex.code.PositionList$Entry::<init> (43 bytes)
Event: 1.673 Thread 0x0000000016fc5800 nmethod 1422 0x00000000031243d0 code [0x0000000003124560, 0x0000000003124918]
Event: 1.673 Thread 0x0000000016fc5800 1423       3       com.android.dx.dex.code.PositionList::set (7 bytes)
Event: 1.673 Thread 0x00000000154fe800 nmethod 1411 0x000000000312a950 code [0x000000000312aaa0, 0x000000000312ad78]
Event: 1.673 Thread 0x00000000154fe800 1414       4       com.android.dx.rop.cst.CstMemberRef::compareTo0 (49 bytes)
Event: 1.674 Thread 0x0000000016fc5800 nmethod 1423 0x00000000031299d0 code [0x0000000003129ba0, 0x000000000312a388]
Event: 1.674 Thread 0x0000000016fc5800 1425       3       com.android.dx.dex.file.DexFile::findItemOrNull (66 bytes)

GC Heap History (2 events):
Event: 1.324 GC heap before
{Heap before GC invocations=1 (full 0):
 PSYoungGen      total 38400K, used 33280K [0x00000000eab00000, 0x00000000ed580000, 0x0000000100000000)
  eden space 33280K, 100% used [0x00000000eab00000,0x00000000ecb80000,0x00000000ecb80000)
  from space 5120K, 0% used [0x00000000ed080000,0x00000000ed080000,0x00000000ed580000)
  to   space 5120K, 0% used [0x00000000ecb80000,0x00000000ecb80000,0x00000000ed080000)
 ParOldGen       total 87552K, used 0K [0x00000000c0000000, 0x00000000c5580000, 0x00000000eab00000)
  object space 87552K, 0% used [0x00000000c0000000,0x00000000c0000000,0x00000000c5580000)
 Metaspace       used 6050K, capacity 6964K, committed 7040K, reserved 1056768K
  class space    used 605K, capacity 620K, committed 640K, reserved 1048576K
Event: 1.369 GC heap after
Heap after GC invocations=1 (full 0):
 PSYoungGen      total 38400K, used 5117K [0x00000000eab00000, 0x00000000ef600000, 0x0000000100000000)
  eden space 33280K, 0% used [0x00000000eab00000,0x00000000eab00000,0x00000000ecb80000)
  from space 5120K, 99% used [0x00000000ecb80000,0x00000000ed07f7b8,0x00000000ed080000)
  to   space 5120K, 0% used [0x00000000ef100000,0x00000000ef100000,0x00000000ef600000)
 ParOldGen       total 87552K, used 1545K [0x00000000c0000000, 0x00000000c5580000, 0x00000000eab00000)
  object space 87552K, 1% used [0x00000000c0000000,0x00000000c01824f8,0x00000000c5580000)
 Metaspace       used 6050K, capacity 6964K, committed 7040K, reserved 1056768K
  class space    used 605K, capacity 620K, committed 640K, reserved 1048576K
}

Deoptimization events (10 events):
Event: 1.101 Thread 0x0000000017147800 Uncommon trap: reason=unstable_if action=reinterpret pc=0x0000000002f490dc method=com.android.dx.rop.cst.Constant.compareTo(Lcom/android/dx/rop/cst/Constant;)I @ 12
Event: 1.145 Thread 0x0000000017147800 Uncommon trap: reason=bimorphic action=maybe_recompile pc=0x0000000002e072a4 method=java.util.HashMap.getNode(ILjava/lang/Object;)Ljava/util/HashMap$Node; @ 126
Event: 1.156 Thread 0x0000000017147800 Uncommon trap: reason=null_check action=make_not_entrant pc=0x0000000002ed1020 method=com.android.dx.rop.type.Type.equals(Ljava/lang/Object;)Z @ 8
Event: 1.191 Thread 0x0000000017147800 Uncommon trap: reason=unstable_if action=reinterpret pc=0x0000000002fcf5e4 method=com.android.dx.rop.code.RegisterSpecSet.put(Lcom/android/dx/rop/code/RegisterSpec;)V @ 77
Event: 1.192 Thread 0x0000000017147800 Uncommon trap: reason=unstable_if action=reinterpret pc=0x0000000002f9b8f4 method=com.android.dx.rop.code.RegisterSpecSet.put(Lcom/android/dx/rop/code/RegisterSpec;)V @ 77
Event: 1.250 Thread 0x0000000017147800 Uncommon trap: reason=unstable_if action=reinterpret pc=0x0000000002ecee10 method=com.android.dx.rop.code.RegisterSpec.equals(ILcom/android/dx/rop/type/TypeBearer;Lcom/android/dx/rop/code/LocalItem;)Z @ 42
Event: 1.419 Thread 0x0000000017149000 Uncommon trap: reason=bimorphic action=maybe_recompile pc=0x0000000002f14c40 method=java.util.HashMap.getNode(ILjava/lang/Object;)Ljava/util/HashMap$Node; @ 126
Event: 1.472 Thread 0x0000000002ad0800 Uncommon trap: reason=unstable_if action=reinterpret pc=0x00000000030124b8 method=java.util.HashMap.putVal(ILjava/lang/Object;Ljava/lang/Object;ZZ)Ljava/lang/Object; @ 94
Event: 1.559 Thread 0x0000000002ad0800 Uncommon trap: reason=bimorphic action=maybe_recompile pc=0x0000000002e072a4 method=java.util.HashMap.getNode(ILjava/lang/Object;)Ljava/util/HashMap$Node; @ 126
Event: 1.560 Thread 0x0000000002ad0800 Uncommon trap: reason=bimorphic action=maybe_recompile pc=0x0000000002e072a4 method=java.util.HashMap.getNode(ILjava/lang/Object;)Ljava/util/HashMap$Node; @ 126

Internal exceptions (3 events):
Event: 0.091 Thread 0x0000000002ad0800 Exception <a 'java/lang/NoSuchMethodError': Method sun.misc.Unsafe.defineClass(Ljava/lang/String;[BII)Ljava/lang/Class; name or signature does not match> (0x00000000eab130b8) thrown at [D:\re\puppet\workspace\8-2-build-windows-amd64-cygwin\jdk8u73\6086\hotÉD9ûˆm·?
Event: 0.092 Thread 0x0000000002ad0800 Exception <a 'java/lang/NoSuchMethodError': Method sun.misc.Unsafe.prefetchRead(Ljava/lang/Object;J)V name or signature does not match> (0x00000000eab133a0) thrown at [D:\re\puppet\workspace\8-2-build-windows-amd64-cygwin\jdk8u73\6086\hotspot\src\share\vm\‘K¯æ|ò?
Event: 1.155 Thread 0x0000000017147800 Implicit null exception at 0x0000000002ed0f22 to 0x0000000002ed1012

Events (10 events):
Event: 1.619 loading class com/android/dx/dex/code/CatchTable
Event: 1.619 loading class com/android/dx/dex/code/CatchTable done
Event: 1.619 loading class com/android/dx/dex/code/LocalList$Disposition
Event: 1.619 loading class com/android/dx/dex/code/LocalList$Disposition done
Event: 1.620 loading class com/android/dx/dex/code/LocalList$Entry
Event: 1.620 loading class com/android/dx/dex/code/LocalList$Entry done
Event: 1.626 loading class com/android/dx/rop/code/RegisterSpecList$Expander
Event: 1.626 loading class com/android/dx/rop/code/RegisterSpecList$Expander done
Event: 1.664 loading class com/android/dx/rop/code/RegisterSpec$1
Event: 1.664 loading class com/android/dx/rop/code/RegisterSpec$1 done


Dynamic libraries:
0x00007ff7fbbc0000 - 0x00007ff7fbbf7000 	D:\Java\jdk1.8.0_73\bin\java.exe
0x00007ffca7a10000 - 0x00007ffca7bd2000 	C:\WINDOWS\SYSTEM32\ntdll.dll
0x00007ffca5390000 - 0x00007ffca543d000 	C:\WINDOWS\system32\KERNEL32.DLL
0x00007ffca4d40000 - 0x00007ffca4f1d000 	C:\WINDOWS\system32\KERNELBASE.dll
0x00007ffca71c0000 - 0x00007ffca7266000 	C:\WINDOWS\system32\ADVAPI32.dll
0x00007ffca50e0000 - 0x00007ffca517d000 	C:\WINDOWS\system32\msvcrt.dll
0x00007ffca7270000 - 0x00007ffca72cb000 	C:\WINDOWS\system32\sechost.dll
0x00007ffca5460000 - 0x00007ffca5586000 	C:\WINDOWS\system32\RPCRT4.dll
0x00007ffca78c0000 - 0x00007ffca7a0e000 	C:\WINDOWS\system32\USER32.dll
0x00007ffca5960000 - 0x00007ffca5ae5000 	C:\WINDOWS\system32\GDI32.dll
0x00007ffc985c0000 - 0x00007ffc98834000 	C:\WINDOWS\WinSxS\amd64_microsoft.windows.common-controls_6595b64144ccf1df_6.0.10240.16384_none_f41f7b285750ef43\COMCTL32.dll
0x00007ffca5350000 - 0x00007ffca5386000 	C:\WINDOWS\system32\IMM32.DLL
0x00007ffca7630000 - 0x00007ffca778c000 	C:\WINDOWS\system32\MSCTF.dll
0x000000005ced0000 - 0x000000005cfa2000 	D:\Java\jdk1.8.0_73\jre\bin\msvcr100.dll
0x000000005d130000 - 0x000000005d9c0000 	D:\Java\jdk1.8.0_73\jre\bin\server\jvm.dll
0x00007ffca7380000 - 0x00007ffca7388000 	C:\WINDOWS\system32\PSAPI.DLL
0x00007ffc9c090000 - 0x00007ffc9c099000 	C:\WINDOWS\SYSTEM32\WSOCK32.dll
0x00007ffca2590000 - 0x00007ffca25b3000 	C:\WINDOWS\SYSTEM32\WINMM.dll
0x00007ffca7390000 - 0x00007ffca73f9000 	C:\WINDOWS\system32\WS2_32.dll
0x00007ffca5180000 - 0x00007ffca5188000 	C:\WINDOWS\system32\NSI.dll
0x00007ffca1d90000 - 0x00007ffca1d9a000 	C:\WINDOWS\SYSTEM32\VERSION.dll
0x0000000000d20000 - 0x0000000000d4c000 	C:\WINDOWS\SYSTEM32\WINMMBASE.dll
0x00007ffca4f20000 - 0x00007ffca4f64000 	C:\WINDOWS\system32\cfgmgr32.dll
0x00007ffca2d10000 - 0x00007ffca2d37000 	C:\WINDOWS\SYSTEM32\DEVOBJ.dll
0x000000005e840000 - 0x000000005e84f000 	D:\Java\jdk1.8.0_73\jre\bin\verify.dll
0x000000005e810000 - 0x000000005e839000 	D:\Java\jdk1.8.0_73\jre\bin\java.dll
0x000000005e7f0000 - 0x000000005e806000 	D:\Java\jdk1.8.0_73\jre\bin\zip.dll
0x00007ffca5c90000 - 0x00007ffca71b3000 	C:\WINDOWS\system32\SHELL32.dll
0x00007ffca4710000 - 0x00007ffca4d39000 	C:\WINDOWS\system32\windows.storage.dll
0x00007ffca56e0000 - 0x00007ffca595c000 	C:\WINDOWS\system32\combase.dll
0x00007ffca5af0000 - 0x00007ffca5b41000 	C:\WINDOWS\system32\shlwapi.dll
0x00007ffca4440000 - 0x00007ffca444f000 	C:\WINDOWS\system32\kernel.appcore.dll
0x00007ffca4f70000 - 0x00007ffca5023000 	C:\WINDOWS\system32\shcore.dll
0x00007ffca4470000 - 0x00007ffca44ba000 	C:\WINDOWS\system32\powrprof.dll
0x00007ffca4450000 - 0x00007ffca4463000 	C:\WINDOWS\system32\profapi.dll

VM Arguments:
jvm_args: -Djava.awt.headless=true -Xmx1024M -Dfile.encoding=GBK -Duser.country=CN -Duser.language=zh -Duser.variant 
java_command: com.android.dx.command.Main --dex --force-jumbo --num-threads=4 --output C:\Users\C\Desktop\ZiYouRenApp123\ZiYouRenApp\app\build\intermediates\pre-dexed\debug\com.android.support-support-vector-drawable-23.4.0_8fc89089d1fcf97232a22795b5bb6d12cbea1163.jar C:\Users\C\Desktop\ZiYouRenApp123\ZiYouRenApp\app\build\intermediates\exploded-aar\com.android.support\support-vector-drawable\23.4.0\jars\classes.jar
java_class_path (initial): D:\Java\andriodsdk\build-tools\23.0.3\lib\dx.jar
Launcher Type: SUN_STANDARD

Environment Variables:
JAVA_HOME=D:\Java\jdk1.8.0_73\
CLASSPATH=.;D:\Java\jdk1.8.0_73\\lib;D:\Java\jdk1.8.0_73\\lib\tools.ja
PATH=C:\ProgramData\Oracle\Java\javapath;D:\Java\jdk1.8.0_73\\bin;D:\Java\jdk1.8.0_73\\jre\bin;
USERNAME=C
OS=Windows_NT
PROCESSOR_IDENTIFIER=AMD64 Family 21 Model 2 Stepping 0, AuthenticAMD



---------------  S Y S T E M  ---------------

OS: Windows 10.0 , 64 bit Build 10240 (10.0.10240.16384)

CPU:total 6 (6 cores per cpu, 1 threads per core) family 21 model 2 stepping 0, cmov, cx8, fxsr, mmx, sse, sse2, sse3, ssse3, sse4.1, sse4.2, popcnt, avx, aes, clmul, mmxext, 3dnowpref, lzcnt, sse4a, tsc, tscinvbit, tscinv, bmi1

Memory: 4k page, physical 8284240k(331280k free), swap 13897088k(5360k free)

vm_info: Java HotSpot(TM) 64-Bit Server VM (25.73-b02) for windows-amd64 JRE (1.8.0_73-b02), built on Jan 29 2016 17:38:49 by "java_re" with MS VC++ 10.0 (VS2010)

time: Wed Jul 13 00:33:38 2016
elapsed time: 1 seconds (0d 0h 0m 1s)

